[INFO] Scanning for projects...
[WARNING] 
[WARNING] Some problems were encountered while building the effective model for com.ctapweb:ctap-web:war:1.0.0-SNAPSHOT
[WARNING] 'dependencies.dependency.systemPath' for org.moxieapps.gwt:uploader:jar should not point at files within the project directory, ${basedir}/lib/org.moxieapps.gwt.uploader-1.1.0.jar will be unresolvable by dependent projects @ com.ctapweb:ctap-web:[unknown-version], /home/nadiushka/ctap/recent-ctap-docker/2/ctap/ctap-web/pom.xml, line 94, column 16
[WARNING] 'dependencies.dependency.systemPath' for org.moxieapps.gwt:highcharts:jar should not point at files within the project directory, ${basedir}/lib/org.moxieapps.gwt.highcharts-1.7.0.jar will be unresolvable by dependent projects @ com.ctapweb:ctap-web:[unknown-version], /home/nadiushka/ctap/recent-ctap-docker/2/ctap/ctap-web/pom.xml, line 101, column 25
[WARNING] 
[WARNING] Some problems were encountered while building the effective model for com.ctapweb:ctap-feature:jar:1.0.0-SNAPSHOT
[WARNING] 'dependencies.dependency.systemPath' for com.googlecode.mate-tools:anna:jar should not point at files within the project directory, ${basedir}/lib/anna-3.61.jar will be unresolvable by dependent projects @ com.ctapweb:ctap-feature:[unknown-version], /home/nadiushka/ctap/recent-ctap-docker/2/ctap/ctap-feature/pom.xml, line 80, column 25
[WARNING] 
[WARNING] It is highly recommended to fix these problems because they threaten the stability of your build.
[WARNING] 
[WARNING] For this reason, future Maven versions might no longer support building such malformed projects.
[WARNING] 
[INFO] ------------------------------------------------------------------------
[INFO] Reactor Build Order:
[INFO] 
[INFO] Common Text Analysis Platform
[INFO] Text Feature Extraction Module for CTAP
[INFO] The Web Module for CTAP
[INFO]                                                                         
[INFO] ------------------------------------------------------------------------
[INFO] Building Common Text Analysis Platform 1.0.0-SNAPSHOT
[INFO] ------------------------------------------------------------------------
[INFO] 
[INFO] --- maven-clean-plugin:2.5:clean (default-clean) @ ctap ---
[INFO] 
[INFO] --- maven-install-plugin:2.5.2:install (default-install) @ ctap ---
[INFO] Installing /home/nadiushka/ctap/recent-ctap-docker/2/ctap/pom.xml to /home/nadiushka/.m2/repository/com/ctapweb/ctap/1.0.0-SNAPSHOT/ctap-1.0.0-SNAPSHOT.pom
[INFO]                                                                         
[INFO] ------------------------------------------------------------------------
[INFO] Building Text Feature Extraction Module for CTAP 1.0.0-SNAPSHOT
[INFO] ------------------------------------------------------------------------
[INFO] 
[INFO] --- maven-clean-plugin:2.5:clean (default-clean) @ ctap-feature ---
[INFO] Deleting /home/nadiushka/ctap/recent-ctap-docker/2/ctap/ctap-feature/target
[INFO] 
[INFO] --- maven-resources-plugin:2.6:resources (default-resources) @ ctap-feature ---
[WARNING] Using platform encoding (UTF-8 actually) to copy filtered resources, i.e. build is platform dependent!
[INFO] Copying 597 resources
[INFO] 
[INFO] --- maven-compiler-plugin:3.5.1:compile (default-compile) @ ctap-feature ---
[INFO] Changes detected - recompiling the module!
[WARNING] File encoding has not been set, using platform encoding UTF-8, i.e. build is platform dependent!
[INFO] Compiling 127 source files to /home/nadiushka/ctap/recent-ctap-docker/2/ctap/ctap-feature/target/classes
[INFO] /home/nadiushka/ctap/recent-ctap-docker/2/ctap/ctap-feature/src/main/java/com/ctapweb/feature/annotator/LemmaAnnotator.java: /home/nadiushka/ctap/recent-ctap-docker/2/ctap/ctap-feature/src/main/java/com/ctapweb/feature/annotator/LemmaAnnotator.java uses unchecked or unsafe operations.
[INFO] /home/nadiushka/ctap/recent-ctap-docker/2/ctap/ctap-feature/src/main/java/com/ctapweb/feature/annotator/LemmaAnnotator.java: Recompile with -Xlint:unchecked for details.
[INFO] 
[INFO] --- maven-resources-plugin:2.6:testResources (default-testResources) @ ctap-feature ---
[WARNING] Using platform encoding (UTF-8 actually) to copy filtered resources, i.e. build is platform dependent!
[INFO] skip non existing resourceDirectory /home/nadiushka/ctap/recent-ctap-docker/2/ctap/ctap-feature/src/test/resources
[INFO] 
[INFO] --- maven-compiler-plugin:3.5.1:testCompile (default-testCompile) @ ctap-feature ---
[INFO] Changes detected - recompiling the module!
[WARNING] File encoding has not been set, using platform encoding UTF-8, i.e. build is platform dependent!
[INFO] Compiling 24 source files to /home/nadiushka/ctap/recent-ctap-docker/2/ctap/ctap-feature/target/test-classes
[INFO] /home/nadiushka/ctap/recent-ctap-docker/2/ctap/ctap-feature/src/test/java/com/ctapweb/feature/test/SyntacticComplexityFeatureTest.java: Some input files use unchecked or unsafe operations.
[INFO] /home/nadiushka/ctap/recent-ctap-docker/2/ctap/ctap-feature/src/test/java/com/ctapweb/feature/test/SyntacticComplexityFeatureTest.java: Recompile with -Xlint:unchecked for details.
[INFO] 
[INFO] --- maven-surefire-plugin:2.17:test (default-test) @ ctap-feature ---
[INFO] Surefire report directory: /home/nadiushka/ctap/recent-ctap-docker/2/ctap/ctap-feature/target/surefire-reports

-------------------------------------------------------
 T E S T S
-------------------------------------------------------
Running com.ctapweb.feature.test.SDTokenLengthFeatureTest
13:32:25.608 [main] TRACE com.ctapweb.feature.annotator.SentenceAnnotator - Initializing ANNOTATOR <Sentence Annotator>...
 languageSpecificResourceKey: SentenceSegmenterModelIT
modelFilePath: /home/nadiushka/ctap/recent-ctap-docker/2/ctap/ctap-feature/target/classes/model/it-sent.bin
13:32:25.610 [main] TRACE com.ctapweb.feature.annotator.SentenceAnnotator - Loading language model SentenceSegmenterModelIT from path /home/nadiushka/ctap/recent-ctap-docker/2/ctap/ctap-feature/target/classes/model/it-sent.bin...
 13:32:25.626 [main] TRACE com.ctapweb.feature.annotator.SentenceAnnotator - Initialization completed ANNOTATOR <Sentence Annotator>.
 13:32:25.631 [main] TRACE com.ctapweb.feature.annotator.TokenAnnotator - Initializing ANNOTATOR <Token Annotator>...
 13:32:25.632 [main] TRACE com.ctapweb.feature.annotator.TokenAnnotator - Loading language model TokenModelIT from path /home/nadiushka/ctap/recent-ctap-docker/2/ctap/ctap-feature/target/classes/model/it-token.bin...
 13:32:26.305 [main] TRACE com.ctapweb.feature.annotator.TokenAnnotator - Initialization completed ANNOTATOR <Token Annotator>.
 13:32:26.307 [main] TRACE com.ctapweb.feature.annotator.SyllableAnnotator - Initializing ANNOTATOR <Syllable Annotator>...
 13:32:26.307 [main] TRACE com.ctapweb.feature.annotator.SyllableAnnotator - Selecting annotation resource for Syllable Annotator for language: IT...
 13:32:26.308 [main] TRACE com.ctapweb.feature.annotator.SyllableAnnotator - Initialization completed ANNOTATOR <Syllable Annotator>.
 13:32:26.317 [main] TRACE com.ctapweb.feature.annotator.LetterAnnotator - Initializing ANNOTATOR <Letter Annotator>...
 13:32:26.317 [main] TRACE com.ctapweb.feature.annotator.LetterAnnotator - Initialization completed ANNOTATOR <Letter Annotator>.
 13:32:26.322 [main] TRACE com.ctapweb.feature.featureAE.SDTokenLengthAE - Initializing FEATURE_EXTRACTOR <SDTokenLength Feature Extractor>...
 13:32:26.322 [main] TRACE com.ctapweb.feature.featureAE.SDTokenLengthAE - Initialization completed FEATURE_EXTRACTOR <SDTokenLength Feature Extractor>.
 13:32:26.338 [main] TRACE com.ctapweb.feature.annotator.SentenceAnnotator - Processing document with ANNOTATOR <Sentence Annotator>: LA DONNA che salvò cento cani prega. Le pompe dell...
 13:32:26.343 [main] TRACE com.ctapweb.feature.annotator.TokenAnnotator - Processing document with ANNOTATOR <Token Annotator>: LA DONNA che salvò cento cani prega. Le pompe dell...
 13:32:26.367 [main] TRACE com.ctapweb.feature.annotator.SyllableAnnotator - Processing document with ANNOTATOR <Syllable Annotator>: LA DONNA che salvò cento cani prega. Le pompe dell...
 13:32:26.974 [main] TRACE com.ctapweb.feature.annotator.LetterAnnotator - Processing document with ANNOTATOR <Letter Annotator>: LA DONNA che salvò cento cani prega. Le pompe dell...
 13:32:26.981 [main] TRACE com.ctapweb.feature.featureAE.SDTokenLengthAE - Processing document with FEATURE_EXTRACTOR <SDTokenLength Feature Extractor>: LA DONNA che salvò cento cani prega. Le pompe dell...
 13:32:27.080 [main] INFO  com.ctapweb.feature.featureAE.SDTokenLengthAE - Feature value 1.1677977497340455 calculated from AE 8585 populated into CAS.
 13:32:27.082 [main] TRACE com.ctapweb.feature.annotator.SentenceAnnotator - Destorying AE: ANNOTATOR <Sentence Annotator>...
 13:32:27.083 [main] TRACE com.ctapweb.feature.annotator.SentenceAnnotator - Destroying AE completed: ANNOTATOR <Sentence Annotator>.
 13:32:27.083 [main] TRACE com.ctapweb.feature.annotator.TokenAnnotator - Destorying AE: ANNOTATOR <Token Annotator>...
 13:32:27.083 [main] TRACE com.ctapweb.feature.annotator.TokenAnnotator - Destroying AE completed: ANNOTATOR <Token Annotator>.
 13:32:27.083 [main] TRACE com.ctapweb.feature.annotator.SyllableAnnotator - Destorying AE: ANNOTATOR <Syllable Annotator>...
 13:32:27.083 [main] TRACE com.ctapweb.feature.annotator.SyllableAnnotator - Destroying AE completed: ANNOTATOR <Syllable Annotator>.
 13:32:27.083 [main] TRACE com.ctapweb.feature.annotator.LetterAnnotator - Destorying AE: ANNOTATOR <Letter Annotator>...
 13:32:27.083 [main] TRACE com.ctapweb.feature.annotator.LetterAnnotator - Destroying AE completed: ANNOTATOR <Letter Annotator>.
 13:32:27.084 [main] TRACE com.ctapweb.feature.featureAE.SDTokenLengthAE - Destorying AE: FEATURE_EXTRACTOR <SDTokenLength Feature Extractor>...
 13:32:27.084 [main] TRACE com.ctapweb.feature.featureAE.SDTokenLengthAE - Destroying AE completed: FEATURE_EXTRACTOR <SDTokenLength Feature Extractor>.
 13:32:27.178 [main] TRACE com.ctapweb.feature.annotator.SentenceAnnotator - Initializing ANNOTATOR <Sentence Annotator>...
 languageSpecificResourceKey: SentenceSegmenterModelIT
modelFilePath: /home/nadiushka/ctap/recent-ctap-docker/2/ctap/ctap-feature/target/classes/model/it-sent.bin
13:32:27.178 [main] TRACE com.ctapweb.feature.annotator.SentenceAnnotator - Loading language model SentenceSegmenterModelIT from path /home/nadiushka/ctap/recent-ctap-docker/2/ctap/ctap-feature/target/classes/model/it-sent.bin...
 13:32:27.180 [main] TRACE com.ctapweb.feature.annotator.SentenceAnnotator - Initialization completed ANNOTATOR <Sentence Annotator>.
 13:32:27.181 [main] TRACE com.ctapweb.feature.annotator.TokenAnnotator - Initializing ANNOTATOR <Token Annotator>...
 13:32:27.181 [main] TRACE com.ctapweb.feature.annotator.TokenAnnotator - Loading language model TokenModelIT from path /home/nadiushka/ctap/recent-ctap-docker/2/ctap/ctap-feature/target/classes/model/it-token.bin...
 13:32:27.755 [main] TRACE com.ctapweb.feature.annotator.TokenAnnotator - Initialization completed ANNOTATOR <Token Annotator>.
 13:32:27.758 [main] TRACE com.ctapweb.feature.annotator.SyllableAnnotator - Initializing ANNOTATOR <Syllable Annotator>...
 13:32:27.759 [main] TRACE com.ctapweb.feature.annotator.SyllableAnnotator - Selecting annotation resource for Syllable Annotator for language: IT...
 13:32:27.759 [main] TRACE com.ctapweb.feature.annotator.SyllableAnnotator - Initialization completed ANNOTATOR <Syllable Annotator>.
 13:32:27.760 [main] TRACE com.ctapweb.feature.annotator.LetterAnnotator - Initializing ANNOTATOR <Letter Annotator>...
 13:32:27.760 [main] TRACE com.ctapweb.feature.annotator.LetterAnnotator - Initialization completed ANNOTATOR <Letter Annotator>.
 13:32:27.761 [main] TRACE com.ctapweb.feature.featureAE.SDTokenLengthAE - Initializing FEATURE_EXTRACTOR <SDTokenLength Feature Extractor>...
 13:32:27.761 [main] TRACE com.ctapweb.feature.featureAE.SDTokenLengthAE - Initialization completed FEATURE_EXTRACTOR <SDTokenLength Feature Extractor>.
 13:32:27.766 [main] TRACE com.ctapweb.feature.annotator.SentenceAnnotator - Processing document with ANNOTATOR <Sentence Annotator>: LA DONNA che salvò cento cani prega. Le pompe dell...
 13:32:27.767 [main] TRACE com.ctapweb.feature.annotator.TokenAnnotator - Processing document with ANNOTATOR <Token Annotator>: LA DONNA che salvò cento cani prega. Le pompe dell...
 13:32:27.776 [main] TRACE com.ctapweb.feature.annotator.SyllableAnnotator - Processing document with ANNOTATOR <Syllable Annotator>: LA DONNA che salvò cento cani prega. Le pompe dell...
 13:32:27.895 [main] TRACE com.ctapweb.feature.annotator.LetterAnnotator - Processing document with ANNOTATOR <Letter Annotator>: LA DONNA che salvò cento cani prega. Le pompe dell...
 13:32:27.899 [main] TRACE com.ctapweb.feature.featureAE.SDTokenLengthAE - Processing document with FEATURE_EXTRACTOR <SDTokenLength Feature Extractor>: LA DONNA che salvò cento cani prega. Le pompe dell...
 13:32:28.011 [main] INFO  com.ctapweb.feature.featureAE.SDTokenLengthAE - Feature value 2.973243104638609 calculated from AE 8585 populated into CAS.
 13:32:28.012 [main] TRACE com.ctapweb.feature.annotator.SentenceAnnotator - Destorying AE: ANNOTATOR <Sentence Annotator>...
 13:32:28.012 [main] TRACE com.ctapweb.feature.annotator.SentenceAnnotator - Destroying AE completed: ANNOTATOR <Sentence Annotator>.
 13:32:28.012 [main] TRACE com.ctapweb.feature.annotator.TokenAnnotator - Destorying AE: ANNOTATOR <Token Annotator>...
 13:32:28.012 [main] TRACE com.ctapweb.feature.annotator.TokenAnnotator - Destroying AE completed: ANNOTATOR <Token Annotator>.
 13:32:28.012 [main] TRACE com.ctapweb.feature.annotator.SyllableAnnotator - Destorying AE: ANNOTATOR <Syllable Annotator>...
 13:32:28.012 [main] TRACE com.ctapweb.feature.annotator.SyllableAnnotator - Destroying AE completed: ANNOTATOR <Syllable Annotator>.
 13:32:28.012 [main] TRACE com.ctapweb.feature.annotator.LetterAnnotator - Destorying AE: ANNOTATOR <Letter Annotator>...
 13:32:28.012 [main] TRACE com.ctapweb.feature.annotator.LetterAnnotator - Destroying AE completed: ANNOTATOR <Letter Annotator>.
 13:32:28.013 [main] TRACE com.ctapweb.feature.featureAE.SDTokenLengthAE - Destorying AE: FEATURE_EXTRACTOR <SDTokenLength Feature Extractor>...
 13:32:28.013 [main] TRACE com.ctapweb.feature.featureAE.SDTokenLengthAE - Destroying AE completed: FEATURE_EXTRACTOR <SDTokenLength Feature Extractor>.
 Tests run: 2, Failures: 0, Errors: 0, Skipped: 0, Time elapsed: 3.308 sec - in com.ctapweb.feature.test.SDTokenLengthFeatureTest
Running com.ctapweb.feature.test.TTRFeatureTest
in readXMLAnnotatorDescriptorAddLanguageAddUnitAddaeID
in readXMLAnnotatorDescriptorAddLanguageAddUnitAddaeID
13:32:28.135 [main] TRACE com.ctapweb.feature.annotator.SentenceAnnotator - Initializing ANNOTATOR <Sentence Annotator>...
 languageSpecificResourceKey: SentenceSegmenterModelIT
modelFilePath: /home/nadiushka/ctap/recent-ctap-docker/2/ctap/ctap-feature/target/classes/model/it-sent.bin
13:32:28.136 [main] TRACE com.ctapweb.feature.annotator.SentenceAnnotator - Loading language model SentenceSegmenterModelIT from path /home/nadiushka/ctap/recent-ctap-docker/2/ctap/ctap-feature/target/classes/model/it-sent.bin...
 13:32:28.138 [main] TRACE com.ctapweb.feature.annotator.SentenceAnnotator - Initialization completed ANNOTATOR <Sentence Annotator>.
 13:32:28.140 [main] TRACE com.ctapweb.feature.annotator.TokenAnnotator - Initializing ANNOTATOR <Token Annotator>...
 13:32:28.141 [main] TRACE com.ctapweb.feature.annotator.TokenAnnotator - Loading language model TokenModelIT from path /home/nadiushka/ctap/recent-ctap-docker/2/ctap/ctap-feature/target/classes/model/it-token.bin...
 13:32:28.823 [main] TRACE com.ctapweb.feature.annotator.TokenAnnotator - Initialization completed ANNOTATOR <Token Annotator>.
 13:32:28.825 [main] TRACE com.ctapweb.feature.annotator.TokenTypeAnnotator - Initializing ANNOTATOR <Token Type Annotator>...
 13:32:28.825 [main] TRACE com.ctapweb.feature.annotator.TokenTypeAnnotator - Initialization completed ANNOTATOR <Token Type Annotator>.
 13:32:28.827 [main] TRACE com.ctapweb.feature.featureAE.NTokenAE - Initializing FEATURE_EXTRACTOR <NToken Feature Extractor>...
 13:32:28.827 [main] TRACE com.ctapweb.feature.featureAE.NTokenAE - Initialization completed FEATURE_EXTRACTOR <NToken Feature Extractor>.
 13:32:28.829 [main] TRACE com.ctapweb.feature.featureAE.NTokenTypeAE - Initializing FEATURE_EXTRACTOR <NTokenType Feature Extractor>...
 13:32:28.829 [main] TRACE com.ctapweb.feature.featureAE.NTokenTypeAE - Initialization completed FEATURE_EXTRACTOR <NTokenType Feature Extractor>.
 13:32:28.832 [main] TRACE com.ctapweb.feature.featureAE.TypeTokenRatioAE - Initializing FEATURE_EXTRACTOR <Type Token Ratio Feature Extractor>...
 13:32:28.832 [main] TRACE com.ctapweb.feature.featureAE.TypeTokenRatioAE - Initialization completed FEATURE_EXTRACTOR <Type Token Ratio Feature Extractor>.
 13:32:28.840 [main] TRACE com.ctapweb.feature.annotator.SentenceAnnotator - Processing document with ANNOTATOR <Sentence Annotator>: LA DONNA che salvò cento cani prega. Le pompe dell...
 13:32:28.841 [main] TRACE com.ctapweb.feature.annotator.TokenAnnotator - Processing document with ANNOTATOR <Token Annotator>: LA DONNA che salvò cento cani prega. Le pompe dell...
 13:32:28.847 [main] TRACE com.ctapweb.feature.annotator.TokenTypeAnnotator - Processing document with ANNOTATOR <Token Type Annotator>: LA DONNA che salvò cento cani prega. Le pompe dell...
 13:32:28.853 [main] TRACE com.ctapweb.feature.featureAE.NTokenAE - Processing document with FEATURE_EXTRACTOR <NToken Feature Extractor>: LA DONNA che salvò cento cani prega. Le pompe dell...
 13:32:28.854 [main] INFO  com.ctapweb.feature.featureAE.NTokenAE - Feature value 264.0 calculated from AE 123 populated into CAS.
 13:32:28.855 [main] TRACE com.ctapweb.feature.featureAE.NTokenTypeAE - Processing document with FEATURE_EXTRACTOR <NTokenType Feature Extractor>: LA DONNA che salvò cento cani prega. Le pompe dell...
 13:32:28.856 [main] INFO  com.ctapweb.feature.featureAE.NTokenTypeAE - Feature value 181.0 calculated from AE 123 populated into CAS.
 13:32:28.856 [main] TRACE com.ctapweb.feature.featureAE.TypeTokenRatioAE - Processing document with FEATURE_EXTRACTOR <Type Token Ratio Feature Extractor>: LA DONNA che salvò cento cani prega. Le pompe dell...
 13:32:28.857 [main] TRACE com.ctapweb.feature.featureAE.TypeTokenRatioAE - nType = 181.0, nToken = 264.0 
 13:32:28.857 [main] TRACE com.ctapweb.feature.featureAE.TypeTokenRatioAE - TTR calculated with formula (CTTR): 7.877013931995327 
 13:32:28.857 [main] INFO  com.ctapweb.feature.featureAE.TypeTokenRatioAE - Feature value 7.877013931995327 calculated from AE 3456 populated into CAS.
 13:32:28.857 [main] TRACE com.ctapweb.feature.annotator.SentenceAnnotator - Destorying AE: ANNOTATOR <Sentence Annotator>...
 13:32:28.858 [main] TRACE com.ctapweb.feature.annotator.SentenceAnnotator - Destroying AE completed: ANNOTATOR <Sentence Annotator>.
 13:32:28.858 [main] TRACE com.ctapweb.feature.annotator.TokenAnnotator - Destorying AE: ANNOTATOR <Token Annotator>...
 13:32:28.858 [main] TRACE com.ctapweb.feature.annotator.TokenAnnotator - Destroying AE completed: ANNOTATOR <Token Annotator>.
 13:32:28.858 [main] TRACE com.ctapweb.feature.annotator.TokenTypeAnnotator - Destorying AE: ANNOTATOR <Token Type Annotator>...
 13:32:28.858 [main] TRACE com.ctapweb.feature.annotator.TokenTypeAnnotator - Destroying AE completed: ANNOTATOR <Token Type Annotator>.
 13:32:28.858 [main] TRACE com.ctapweb.feature.featureAE.NTokenAE - Destorying AE: FEATURE_EXTRACTOR <NToken Feature Extractor>...
 13:32:28.858 [main] TRACE com.ctapweb.feature.featureAE.NTokenAE - Destroying AE completed: FEATURE_EXTRACTOR <NToken Feature Extractor>.
 13:32:28.858 [main] TRACE com.ctapweb.feature.featureAE.NTokenTypeAE - Destorying AE: FEATURE_EXTRACTOR <NTokenType Feature Extractor>...
 13:32:28.858 [main] TRACE com.ctapweb.feature.featureAE.NTokenTypeAE - Destroying AE completed: FEATURE_EXTRACTOR <NTokenType Feature Extractor>.
 13:32:28.858 [main] TRACE com.ctapweb.feature.featureAE.TypeTokenRatioAE - Destorying AE: FEATURE_EXTRACTOR <Type Token Ratio Feature Extractor>...
 13:32:28.858 [main] TRACE com.ctapweb.feature.featureAE.TypeTokenRatioAE - Destroying AE completed: FEATURE_EXTRACTOR <Type Token Ratio Feature Extractor>.
 in readXMLAnnotatorDescriptorAddLanguageAddUnitAddaeID
in readXMLAnnotatorDescriptorAddLanguageAddUnitAddaeID
13:32:28.946 [main] TRACE com.ctapweb.feature.annotator.SentenceAnnotator - Initializing ANNOTATOR <Sentence Annotator>...
 languageSpecificResourceKey: SentenceSegmenterModelIT
modelFilePath: /home/nadiushka/ctap/recent-ctap-docker/2/ctap/ctap-feature/target/classes/model/it-sent.bin
13:32:28.946 [main] TRACE com.ctapweb.feature.annotator.SentenceAnnotator - Loading language model SentenceSegmenterModelIT from path /home/nadiushka/ctap/recent-ctap-docker/2/ctap/ctap-feature/target/classes/model/it-sent.bin...
 13:32:28.947 [main] TRACE com.ctapweb.feature.annotator.SentenceAnnotator - Initialization completed ANNOTATOR <Sentence Annotator>.
 13:32:28.949 [main] TRACE com.ctapweb.feature.annotator.TokenAnnotator - Initializing ANNOTATOR <Token Annotator>...
 13:32:28.949 [main] TRACE com.ctapweb.feature.annotator.TokenAnnotator - Loading language model TokenModelIT from path /home/nadiushka/ctap/recent-ctap-docker/2/ctap/ctap-feature/target/classes/model/it-token.bin...
 13:32:30.389 [main] TRACE com.ctapweb.feature.annotator.TokenAnnotator - Initialization completed ANNOTATOR <Token Annotator>.
 13:32:30.389 [main] TRACE com.ctapweb.feature.annotator.TokenTypeAnnotator - Initializing ANNOTATOR <Token Type Annotator>...
 13:32:30.389 [main] TRACE com.ctapweb.feature.annotator.TokenTypeAnnotator - Initialization completed ANNOTATOR <Token Type Annotator>.
 13:32:30.390 [main] TRACE com.ctapweb.feature.featureAE.NTokenAE - Initializing FEATURE_EXTRACTOR <NToken Feature Extractor>...
 13:32:30.390 [main] TRACE com.ctapweb.feature.featureAE.NTokenAE - Initialization completed FEATURE_EXTRACTOR <NToken Feature Extractor>.
 13:32:30.391 [main] TRACE com.ctapweb.feature.featureAE.NTokenTypeAE - Initializing FEATURE_EXTRACTOR <NTokenType Feature Extractor>...
 13:32:30.391 [main] TRACE com.ctapweb.feature.featureAE.NTokenTypeAE - Initialization completed FEATURE_EXTRACTOR <NTokenType Feature Extractor>.
 13:32:30.392 [main] TRACE com.ctapweb.feature.featureAE.TypeTokenRatioAE - Initializing FEATURE_EXTRACTOR <Type Token Ratio Feature Extractor>...
 13:32:30.392 [main] TRACE com.ctapweb.feature.featureAE.TypeTokenRatioAE - Initialization completed FEATURE_EXTRACTOR <Type Token Ratio Feature Extractor>.
 13:32:30.399 [main] TRACE com.ctapweb.feature.annotator.SentenceAnnotator - Processing document with ANNOTATOR <Sentence Annotator>: LA DONNA che salvò cento cani prega. Le pompe dell...
 13:32:30.400 [main] TRACE com.ctapweb.feature.annotator.TokenAnnotator - Processing document with ANNOTATOR <Token Annotator>: LA DONNA che salvò cento cani prega. Le pompe dell...
 13:32:30.408 [main] TRACE com.ctapweb.feature.annotator.TokenTypeAnnotator - Processing document with ANNOTATOR <Token Type Annotator>: LA DONNA che salvò cento cani prega. Le pompe dell...
 13:32:30.411 [main] TRACE com.ctapweb.feature.featureAE.NTokenAE - Processing document with FEATURE_EXTRACTOR <NToken Feature Extractor>: LA DONNA che salvò cento cani prega. Le pompe dell...
 13:32:30.411 [main] INFO  com.ctapweb.feature.featureAE.NTokenAE - Feature value 264.0 calculated from AE 123 populated into CAS.
 13:32:30.412 [main] TRACE com.ctapweb.feature.featureAE.NTokenTypeAE - Processing document with FEATURE_EXTRACTOR <NTokenType Feature Extractor>: LA DONNA che salvò cento cani prega. Le pompe dell...
 13:32:30.412 [main] INFO  com.ctapweb.feature.featureAE.NTokenTypeAE - Feature value 181.0 calculated from AE 123 populated into CAS.
 13:32:30.413 [main] TRACE com.ctapweb.feature.featureAE.TypeTokenRatioAE - Processing document with FEATURE_EXTRACTOR <Type Token Ratio Feature Extractor>: LA DONNA che salvò cento cani prega. Le pompe dell...
 13:32:30.413 [main] TRACE com.ctapweb.feature.featureAE.TypeTokenRatioAE - nType = 181.0, nToken = 264.0 
 13:32:30.413 [main] TRACE com.ctapweb.feature.featureAE.TypeTokenRatioAE - TTR calculated with formula (RTTR): 11.139779933629612 
 13:32:30.413 [main] INFO  com.ctapweb.feature.featureAE.TypeTokenRatioAE - Feature value 11.139779933629612 calculated from AE 3456 populated into CAS.
 13:32:30.413 [main] TRACE com.ctapweb.feature.annotator.SentenceAnnotator - Destorying AE: ANNOTATOR <Sentence Annotator>...
 13:32:30.413 [main] TRACE com.ctapweb.feature.annotator.SentenceAnnotator - Destroying AE completed: ANNOTATOR <Sentence Annotator>.
 13:32:30.413 [main] TRACE com.ctapweb.feature.annotator.TokenAnnotator - Destorying AE: ANNOTATOR <Token Annotator>...
 13:32:30.413 [main] TRACE com.ctapweb.feature.annotator.TokenAnnotator - Destroying AE completed: ANNOTATOR <Token Annotator>.
 13:32:30.413 [main] TRACE com.ctapweb.feature.annotator.TokenTypeAnnotator - Destorying AE: ANNOTATOR <Token Type Annotator>...
 13:32:30.413 [main] TRACE com.ctapweb.feature.annotator.TokenTypeAnnotator - Destroying AE completed: ANNOTATOR <Token Type Annotator>.
 13:32:30.414 [main] TRACE com.ctapweb.feature.featureAE.NTokenAE - Destorying AE: FEATURE_EXTRACTOR <NToken Feature Extractor>...
 13:32:30.414 [main] TRACE com.ctapweb.feature.featureAE.NTokenAE - Destroying AE completed: FEATURE_EXTRACTOR <NToken Feature Extractor>.
 13:32:30.414 [main] TRACE com.ctapweb.feature.featureAE.NTokenTypeAE - Destorying AE: FEATURE_EXTRACTOR <NTokenType Feature Extractor>...
 13:32:30.414 [main] TRACE com.ctapweb.feature.featureAE.NTokenTypeAE - Destroying AE completed: FEATURE_EXTRACTOR <NTokenType Feature Extractor>.
 13:32:30.414 [main] TRACE com.ctapweb.feature.featureAE.TypeTokenRatioAE - Destorying AE: FEATURE_EXTRACTOR <Type Token Ratio Feature Extractor>...
 13:32:30.414 [main] TRACE com.ctapweb.feature.featureAE.TypeTokenRatioAE - Destroying AE completed: FEATURE_EXTRACTOR <Type Token Ratio Feature Extractor>.
 in readXMLAnnotatorDescriptorAddLanguageAddUnitAddaeID
in readXMLAnnotatorDescriptorAddLanguageAddUnitAddaeID
13:32:30.558 [main] TRACE com.ctapweb.feature.annotator.SentenceAnnotator - Initializing ANNOTATOR <Sentence Annotator>...
 languageSpecificResourceKey: SentenceSegmenterModelIT
modelFilePath: /home/nadiushka/ctap/recent-ctap-docker/2/ctap/ctap-feature/target/classes/model/it-sent.bin
13:32:30.558 [main] TRACE com.ctapweb.feature.annotator.SentenceAnnotator - Loading language model SentenceSegmenterModelIT from path /home/nadiushka/ctap/recent-ctap-docker/2/ctap/ctap-feature/target/classes/model/it-sent.bin...
 13:32:30.560 [main] TRACE com.ctapweb.feature.annotator.SentenceAnnotator - Initialization completed ANNOTATOR <Sentence Annotator>.
 13:32:30.561 [main] TRACE com.ctapweb.feature.annotator.TokenAnnotator - Initializing ANNOTATOR <Token Annotator>...
 13:32:30.561 [main] TRACE com.ctapweb.feature.annotator.TokenAnnotator - Loading language model TokenModelIT from path /home/nadiushka/ctap/recent-ctap-docker/2/ctap/ctap-feature/target/classes/model/it-token.bin...
 13:32:31.236 [main] TRACE com.ctapweb.feature.annotator.TokenAnnotator - Initialization completed ANNOTATOR <Token Annotator>.
 13:32:31.237 [main] TRACE com.ctapweb.feature.annotator.TokenTypeAnnotator - Initializing ANNOTATOR <Token Type Annotator>...
 13:32:31.237 [main] TRACE com.ctapweb.feature.annotator.TokenTypeAnnotator - Initialization completed ANNOTATOR <Token Type Annotator>.
 13:32:31.237 [main] TRACE com.ctapweb.feature.featureAE.NTokenAE - Initializing FEATURE_EXTRACTOR <NToken Feature Extractor>...
 13:32:31.238 [main] TRACE com.ctapweb.feature.featureAE.NTokenAE - Initialization completed FEATURE_EXTRACTOR <NToken Feature Extractor>.
 13:32:31.238 [main] TRACE com.ctapweb.feature.featureAE.NTokenTypeAE - Initializing FEATURE_EXTRACTOR <NTokenType Feature Extractor>...
 13:32:31.238 [main] TRACE com.ctapweb.feature.featureAE.NTokenTypeAE - Initialization completed FEATURE_EXTRACTOR <NTokenType Feature Extractor>.
 13:32:31.239 [main] TRACE com.ctapweb.feature.featureAE.TypeTokenRatioAE - Initializing FEATURE_EXTRACTOR <Type Token Ratio Feature Extractor>...
 13:32:31.239 [main] TRACE com.ctapweb.feature.featureAE.TypeTokenRatioAE - Initialization completed FEATURE_EXTRACTOR <Type Token Ratio Feature Extractor>.
 13:32:31.243 [main] TRACE com.ctapweb.feature.annotator.SentenceAnnotator - Processing document with ANNOTATOR <Sentence Annotator>: LA DONNA che salvò cento cani prega. Le pompe dell...
 13:32:31.244 [main] TRACE com.ctapweb.feature.annotator.TokenAnnotator - Processing document with ANNOTATOR <Token Annotator>: LA DONNA che salvò cento cani prega. Le pompe dell...
 13:32:31.249 [main] TRACE com.ctapweb.feature.annotator.TokenTypeAnnotator - Processing document with ANNOTATOR <Token Type Annotator>: LA DONNA che salvò cento cani prega. Le pompe dell...
 13:32:31.251 [main] TRACE com.ctapweb.feature.featureAE.NTokenAE - Processing document with FEATURE_EXTRACTOR <NToken Feature Extractor>: LA DONNA che salvò cento cani prega. Le pompe dell...
 13:32:31.252 [main] INFO  com.ctapweb.feature.featureAE.NTokenAE - Feature value 264.0 calculated from AE 123 populated into CAS.
 13:32:31.252 [main] TRACE com.ctapweb.feature.featureAE.NTokenTypeAE - Processing document with FEATURE_EXTRACTOR <NTokenType Feature Extractor>: LA DONNA che salvò cento cani prega. Le pompe dell...
 13:32:31.253 [main] INFO  com.ctapweb.feature.featureAE.NTokenTypeAE - Feature value 181.0 calculated from AE 123 populated into CAS.
 13:32:31.253 [main] TRACE com.ctapweb.feature.featureAE.TypeTokenRatioAE - Processing document with FEATURE_EXTRACTOR <Type Token Ratio Feature Extractor>: LA DONNA che salvò cento cani prega. Le pompe dell...
 13:32:31.253 [main] TRACE com.ctapweb.feature.featureAE.TypeTokenRatioAE - nType = 181.0, nToken = 264.0 
 13:32:31.253 [main] TRACE com.ctapweb.feature.featureAE.TypeTokenRatioAE - TTR calculated with formula (LogTTR): 0.932307116708166 
 13:32:31.253 [main] INFO  com.ctapweb.feature.featureAE.TypeTokenRatioAE - Feature value 0.932307116708166 calculated from AE 3456 populated into CAS.
 13:32:31.254 [main] TRACE com.ctapweb.feature.annotator.SentenceAnnotator - Destorying AE: ANNOTATOR <Sentence Annotator>...
 13:32:31.254 [main] TRACE com.ctapweb.feature.annotator.SentenceAnnotator - Destroying AE completed: ANNOTATOR <Sentence Annotator>.
 13:32:31.254 [main] TRACE com.ctapweb.feature.annotator.TokenAnnotator - Destorying AE: ANNOTATOR <Token Annotator>...
 13:32:31.254 [main] TRACE com.ctapweb.feature.annotator.TokenAnnotator - Destroying AE completed: ANNOTATOR <Token Annotator>.
 13:32:31.254 [main] TRACE com.ctapweb.feature.annotator.TokenTypeAnnotator - Destorying AE: ANNOTATOR <Token Type Annotator>...
 13:32:31.254 [main] TRACE com.ctapweb.feature.annotator.TokenTypeAnnotator - Destroying AE completed: ANNOTATOR <Token Type Annotator>.
 13:32:31.254 [main] TRACE com.ctapweb.feature.featureAE.NTokenAE - Destorying AE: FEATURE_EXTRACTOR <NToken Feature Extractor>...
 13:32:31.254 [main] TRACE com.ctapweb.feature.featureAE.NTokenAE - Destroying AE completed: FEATURE_EXTRACTOR <NToken Feature Extractor>.
 13:32:31.254 [main] TRACE com.ctapweb.feature.featureAE.NTokenTypeAE - Destorying AE: FEATURE_EXTRACTOR <NTokenType Feature Extractor>...
 13:32:31.254 [main] TRACE com.ctapweb.feature.featureAE.NTokenTypeAE - Destroying AE completed: FEATURE_EXTRACTOR <NTokenType Feature Extractor>.
 13:32:31.254 [main] TRACE com.ctapweb.feature.featureAE.TypeTokenRatioAE - Destorying AE: FEATURE_EXTRACTOR <Type Token Ratio Feature Extractor>...
 13:32:31.254 [main] TRACE com.ctapweb.feature.featureAE.TypeTokenRatioAE - Destroying AE completed: FEATURE_EXTRACTOR <Type Token Ratio Feature Extractor>.
 in readXMLAnnotatorDescriptorAddLanguageAddUnitAddaeID
in readXMLAnnotatorDescriptorAddLanguageAddUnitAddaeID
13:32:31.333 [main] TRACE com.ctapweb.feature.annotator.SentenceAnnotator - Initializing ANNOTATOR <Sentence Annotator>...
 languageSpecificResourceKey: SentenceSegmenterModelIT
modelFilePath: /home/nadiushka/ctap/recent-ctap-docker/2/ctap/ctap-feature/target/classes/model/it-sent.bin
13:32:31.333 [main] TRACE com.ctapweb.feature.annotator.SentenceAnnotator - Loading language model SentenceSegmenterModelIT from path /home/nadiushka/ctap/recent-ctap-docker/2/ctap/ctap-feature/target/classes/model/it-sent.bin...
 13:32:31.334 [main] TRACE com.ctapweb.feature.annotator.SentenceAnnotator - Initialization completed ANNOTATOR <Sentence Annotator>.
 13:32:31.336 [main] TRACE com.ctapweb.feature.annotator.TokenAnnotator - Initializing ANNOTATOR <Token Annotator>...
 13:32:31.336 [main] TRACE com.ctapweb.feature.annotator.TokenAnnotator - Loading language model TokenModelIT from path /home/nadiushka/ctap/recent-ctap-docker/2/ctap/ctap-feature/target/classes/model/it-token.bin...
 13:32:32.106 [main] TRACE com.ctapweb.feature.annotator.TokenAnnotator - Initialization completed ANNOTATOR <Token Annotator>.
 13:32:32.107 [main] TRACE com.ctapweb.feature.annotator.TokenTypeAnnotator - Initializing ANNOTATOR <Token Type Annotator>...
 13:32:32.107 [main] TRACE com.ctapweb.feature.annotator.TokenTypeAnnotator - Initialization completed ANNOTATOR <Token Type Annotator>.
 13:32:32.107 [main] TRACE com.ctapweb.feature.featureAE.NTokenAE - Initializing FEATURE_EXTRACTOR <NToken Feature Extractor>...
 13:32:32.108 [main] TRACE com.ctapweb.feature.featureAE.NTokenAE - Initialization completed FEATURE_EXTRACTOR <NToken Feature Extractor>.
 13:32:32.108 [main] TRACE com.ctapweb.feature.featureAE.NTokenTypeAE - Initializing FEATURE_EXTRACTOR <NTokenType Feature Extractor>...
 13:32:32.108 [main] TRACE com.ctapweb.feature.featureAE.NTokenTypeAE - Initialization completed FEATURE_EXTRACTOR <NTokenType Feature Extractor>.
 13:32:32.109 [main] TRACE com.ctapweb.feature.featureAE.TypeTokenRatioAE - Initializing FEATURE_EXTRACTOR <Type Token Ratio Feature Extractor>...
 13:32:32.109 [main] TRACE com.ctapweb.feature.featureAE.TypeTokenRatioAE - Initialization completed FEATURE_EXTRACTOR <Type Token Ratio Feature Extractor>.
 13:32:32.114 [main] TRACE com.ctapweb.feature.annotator.SentenceAnnotator - Processing document with ANNOTATOR <Sentence Annotator>: LA DONNA che salvò cento cani prega. Le pompe dell...
 13:32:32.115 [main] TRACE com.ctapweb.feature.annotator.TokenAnnotator - Processing document with ANNOTATOR <Token Annotator>: LA DONNA che salvò cento cani prega. Le pompe dell...
 13:32:32.121 [main] TRACE com.ctapweb.feature.annotator.TokenTypeAnnotator - Processing document with ANNOTATOR <Token Type Annotator>: LA DONNA che salvò cento cani prega. Le pompe dell...
 13:32:32.123 [main] TRACE com.ctapweb.feature.featureAE.NTokenAE - Processing document with FEATURE_EXTRACTOR <NToken Feature Extractor>: LA DONNA che salvò cento cani prega. Le pompe dell...
 13:32:32.123 [main] INFO  com.ctapweb.feature.featureAE.NTokenAE - Feature value 264.0 calculated from AE 123 populated into CAS.
 13:32:32.123 [main] TRACE com.ctapweb.feature.featureAE.NTokenTypeAE - Processing document with FEATURE_EXTRACTOR <NTokenType Feature Extractor>: LA DONNA che salvò cento cani prega. Le pompe dell...
 13:32:32.124 [main] INFO  com.ctapweb.feature.featureAE.NTokenTypeAE - Feature value 181.0 calculated from AE 123 populated into CAS.
 13:32:32.124 [main] TRACE com.ctapweb.feature.featureAE.TypeTokenRatioAE - Processing document with FEATURE_EXTRACTOR <Type Token Ratio Feature Extractor>: LA DONNA che salvò cento cani prega. Le pompe dell...
 13:32:32.124 [main] TRACE com.ctapweb.feature.featureAE.TypeTokenRatioAE - nType = 181.0, nToken = 264.0 
 13:32:32.124 [main] TRACE com.ctapweb.feature.featureAE.TypeTokenRatioAE - TTR calculated with formula (TTR): 0.6856060606060606 
 13:32:32.125 [main] INFO  com.ctapweb.feature.featureAE.TypeTokenRatioAE - Feature value 0.6856060606060606 calculated from AE 3456 populated into CAS.
 13:32:32.125 [main] TRACE com.ctapweb.feature.annotator.SentenceAnnotator - Destorying AE: ANNOTATOR <Sentence Annotator>...
 13:32:32.125 [main] TRACE com.ctapweb.feature.annotator.SentenceAnnotator - Destroying AE completed: ANNOTATOR <Sentence Annotator>.
 13:32:32.125 [main] TRACE com.ctapweb.feature.annotator.TokenAnnotator - Destorying AE: ANNOTATOR <Token Annotator>...
 13:32:32.125 [main] TRACE com.ctapweb.feature.annotator.TokenAnnotator - Destroying AE completed: ANNOTATOR <Token Annotator>.
 13:32:32.125 [main] TRACE com.ctapweb.feature.annotator.TokenTypeAnnotator - Destorying AE: ANNOTATOR <Token Type Annotator>...
 13:32:32.125 [main] TRACE com.ctapweb.feature.annotator.TokenTypeAnnotator - Destroying AE completed: ANNOTATOR <Token Type Annotator>.
 13:32:32.125 [main] TRACE com.ctapweb.feature.featureAE.NTokenAE - Destorying AE: FEATURE_EXTRACTOR <NToken Feature Extractor>...
 13:32:32.125 [main] TRACE com.ctapweb.feature.featureAE.NTokenAE - Destroying AE completed: FEATURE_EXTRACTOR <NToken Feature Extractor>.
 13:32:32.125 [main] TRACE com.ctapweb.feature.featureAE.NTokenTypeAE - Destorying AE: FEATURE_EXTRACTOR <NTokenType Feature Extractor>...
 13:32:32.125 [main] TRACE com.ctapweb.feature.featureAE.NTokenTypeAE - Destroying AE completed: FEATURE_EXTRACTOR <NTokenType Feature Extractor>.
 13:32:32.125 [main] TRACE com.ctapweb.feature.featureAE.TypeTokenRatioAE - Destorying AE: FEATURE_EXTRACTOR <Type Token Ratio Feature Extractor>...
 13:32:32.126 [main] TRACE com.ctapweb.feature.featureAE.TypeTokenRatioAE - Destroying AE completed: FEATURE_EXTRACTOR <Type Token Ratio Feature Extractor>.
 in readXMLAnnotatorDescriptorAddLanguageAddUnitAddaeID
in readXMLAnnotatorDescriptorAddLanguageAddUnitAddaeID
13:32:32.199 [main] TRACE com.ctapweb.feature.annotator.SentenceAnnotator - Initializing ANNOTATOR <Sentence Annotator>...
 languageSpecificResourceKey: SentenceSegmenterModelIT
modelFilePath: /home/nadiushka/ctap/recent-ctap-docker/2/ctap/ctap-feature/target/classes/model/it-sent.bin
13:32:32.199 [main] TRACE com.ctapweb.feature.annotator.SentenceAnnotator - Loading language model SentenceSegmenterModelIT from path /home/nadiushka/ctap/recent-ctap-docker/2/ctap/ctap-feature/target/classes/model/it-sent.bin...
 13:32:32.200 [main] TRACE com.ctapweb.feature.annotator.SentenceAnnotator - Initialization completed ANNOTATOR <Sentence Annotator>.
 13:32:32.202 [main] TRACE com.ctapweb.feature.annotator.TokenAnnotator - Initializing ANNOTATOR <Token Annotator>...
 13:32:32.202 [main] TRACE com.ctapweb.feature.annotator.TokenAnnotator - Loading language model TokenModelIT from path /home/nadiushka/ctap/recent-ctap-docker/2/ctap/ctap-feature/target/classes/model/it-token.bin...
 13:32:34.027 [main] TRACE com.ctapweb.feature.annotator.TokenAnnotator - Initialization completed ANNOTATOR <Token Annotator>.
 13:32:34.028 [main] TRACE com.ctapweb.feature.annotator.TokenTypeAnnotator - Initializing ANNOTATOR <Token Type Annotator>...
 13:32:34.028 [main] TRACE com.ctapweb.feature.annotator.TokenTypeAnnotator - Initialization completed ANNOTATOR <Token Type Annotator>.
 13:32:34.029 [main] TRACE com.ctapweb.feature.featureAE.NTokenAE - Initializing FEATURE_EXTRACTOR <NToken Feature Extractor>...
 13:32:34.029 [main] TRACE com.ctapweb.feature.featureAE.NTokenAE - Initialization completed FEATURE_EXTRACTOR <NToken Feature Extractor>.
 13:32:34.029 [main] TRACE com.ctapweb.feature.featureAE.NTokenTypeAE - Initializing FEATURE_EXTRACTOR <NTokenType Feature Extractor>...
 13:32:34.029 [main] TRACE com.ctapweb.feature.featureAE.NTokenTypeAE - Initialization completed FEATURE_EXTRACTOR <NTokenType Feature Extractor>.
 13:32:34.030 [main] TRACE com.ctapweb.feature.featureAE.TypeTokenRatioAE - Initializing FEATURE_EXTRACTOR <Type Token Ratio Feature Extractor>...
 13:32:34.030 [main] TRACE com.ctapweb.feature.featureAE.TypeTokenRatioAE - Initialization completed FEATURE_EXTRACTOR <Type Token Ratio Feature Extractor>.
 13:32:34.035 [main] TRACE com.ctapweb.feature.annotator.SentenceAnnotator - Processing document with ANNOTATOR <Sentence Annotator>: LA DONNA che salvò cento cani prega. Le pompe dell...
 13:32:34.036 [main] TRACE com.ctapweb.feature.annotator.TokenAnnotator - Processing document with ANNOTATOR <Token Annotator>: LA DONNA che salvò cento cani prega. Le pompe dell...
 13:32:34.040 [main] TRACE com.ctapweb.feature.annotator.TokenTypeAnnotator - Processing document with ANNOTATOR <Token Type Annotator>: LA DONNA che salvò cento cani prega. Le pompe dell...
 13:32:34.041 [main] TRACE com.ctapweb.feature.featureAE.NTokenAE - Processing document with FEATURE_EXTRACTOR <NToken Feature Extractor>: LA DONNA che salvò cento cani prega. Le pompe dell...
 13:32:34.041 [main] INFO  com.ctapweb.feature.featureAE.NTokenAE - Feature value 264.0 calculated from AE 123 populated into CAS.
 13:32:34.042 [main] TRACE com.ctapweb.feature.featureAE.NTokenTypeAE - Processing document with FEATURE_EXTRACTOR <NTokenType Feature Extractor>: LA DONNA che salvò cento cani prega. Le pompe dell...
 13:32:34.042 [main] INFO  com.ctapweb.feature.featureAE.NTokenTypeAE - Feature value 181.0 calculated from AE 123 populated into CAS.
 13:32:34.042 [main] TRACE com.ctapweb.feature.featureAE.TypeTokenRatioAE - Processing document with FEATURE_EXTRACTOR <Type Token Ratio Feature Extractor>: LA DONNA che salvò cento cani prega. Le pompe dell...
 13:32:34.042 [main] TRACE com.ctapweb.feature.featureAE.TypeTokenRatioAE - nType = 181.0, nToken = 264.0 
 13:32:34.043 [main] TRACE com.ctapweb.feature.featureAE.TypeTokenRatioAE - TTR calculated with formula (Uber): 71.59682883562529 
 13:32:34.043 [main] INFO  com.ctapweb.feature.featureAE.TypeTokenRatioAE - Feature value 71.59682883562529 calculated from AE 3456 populated into CAS.
 13:32:34.043 [main] TRACE com.ctapweb.feature.annotator.SentenceAnnotator - Destorying AE: ANNOTATOR <Sentence Annotator>...
 13:32:34.043 [main] TRACE com.ctapweb.feature.annotator.SentenceAnnotator - Destroying AE completed: ANNOTATOR <Sentence Annotator>.
 13:32:34.043 [main] TRACE com.ctapweb.feature.annotator.TokenAnnotator - Destorying AE: ANNOTATOR <Token Annotator>...
 13:32:34.043 [main] TRACE com.ctapweb.feature.annotator.TokenAnnotator - Destroying AE completed: ANNOTATOR <Token Annotator>.
 13:32:34.043 [main] TRACE com.ctapweb.feature.annotator.TokenTypeAnnotator - Destorying AE: ANNOTATOR <Token Type Annotator>...
 13:32:34.043 [main] TRACE com.ctapweb.feature.annotator.TokenTypeAnnotator - Destroying AE completed: ANNOTATOR <Token Type Annotator>.
 13:32:34.043 [main] TRACE com.ctapweb.feature.featureAE.NTokenAE - Destorying AE: FEATURE_EXTRACTOR <NToken Feature Extractor>...
 13:32:34.043 [main] TRACE com.ctapweb.feature.featureAE.NTokenAE - Destroying AE completed: FEATURE_EXTRACTOR <NToken Feature Extractor>.
 13:32:34.043 [main] TRACE com.ctapweb.feature.featureAE.NTokenTypeAE - Destorying AE: FEATURE_EXTRACTOR <NTokenType Feature Extractor>...
 13:32:34.044 [main] TRACE com.ctapweb.feature.featureAE.NTokenTypeAE - Destroying AE completed: FEATURE_EXTRACTOR <NTokenType Feature Extractor>.
 13:32:34.044 [main] TRACE com.ctapweb.feature.featureAE.TypeTokenRatioAE - Destorying AE: FEATURE_EXTRACTOR <Type Token Ratio Feature Extractor>...
 13:32:34.044 [main] TRACE com.ctapweb.feature.featureAE.TypeTokenRatioAE - Destroying AE completed: FEATURE_EXTRACTOR <Type Token Ratio Feature Extractor>.
 Tests run: 5, Failures: 0, Errors: 0, Skipped: 0, Time elapsed: 6 sec - in com.ctapweb.feature.test.TTRFeatureTest
Running com.ctapweb.feature.test.NSyntacticConstituentFeatureTest
13:32:34.112 [main] TRACE com.ctapweb.feature.annotator.SentenceAnnotator - Initializing ANNOTATOR <Sentence Annotator>...
 languageSpecificResourceKey: SentenceSegmenterModelIT
modelFilePath: /home/nadiushka/ctap/recent-ctap-docker/2/ctap/ctap-feature/target/classes/model/it-sent.bin
13:32:34.112 [main] TRACE com.ctapweb.feature.annotator.SentenceAnnotator - Loading language model SentenceSegmenterModelIT from path /home/nadiushka/ctap/recent-ctap-docker/2/ctap/ctap-feature/target/classes/model/it-sent.bin...
 13:32:34.114 [main] TRACE com.ctapweb.feature.annotator.SentenceAnnotator - Initialization completed ANNOTATOR <Sentence Annotator>.
 13:32:34.115 [main] TRACE com.ctapweb.feature.annotator.TokenAnnotator - Initializing ANNOTATOR <Token Annotator>...
 13:32:34.115 [main] TRACE com.ctapweb.feature.annotator.TokenAnnotator - Loading language model TokenModelIT from path /home/nadiushka/ctap/recent-ctap-docker/2/ctap/ctap-feature/target/classes/model/it-token.bin...
 13:32:34.771 [main] TRACE com.ctapweb.feature.annotator.TokenAnnotator - Initialization completed ANNOTATOR <Token Annotator>.
 13:32:34.773 [main] TRACE com.ctapweb.feature.annotator.POSAnnotator - Initializing ANNOTATOR <POS Annotator>...
 13:32:34.773 [main] TRACE com.ctapweb.feature.annotator.POSAnnotator - Loading language model POSModelIT from path /home/nadiushka/ctap/recent-ctap-docker/2/ctap/ctap-feature/target/classes/model/it-pos-maxent.bin...
 13:32:35.627 [main] TRACE com.ctapweb.feature.annotator.POSAnnotator - Initialization completed ANNOTATOR <POS Annotator>.
 13:32:35.629 [main] TRACE com.ctapweb.feature.annotator.ParseTreeAnnotator - Initializing ANNOTATOR <Parse Annotator>...
 13:32:35.630 [main] TRACE com.ctapweb.feature.annotator.ParseTreeAnnotator - Loading language model ParserModelIT from path null...
 13:32:47.633 [main] TRACE com.ctapweb.feature.annotator.ParseTreeAnnotator - Initialization completed ANNOTATOR <Parse Annotator>.
 13:32:47.635 [main] TRACE com.ctapweb.feature.featureAE.NSyntacticConstituentAE - Initializing FEATURE_EXTRACTOR <NSyntacticConstituent Feature Extractor>...
 13:32:47.637 [main] TRACE com.ctapweb.feature.featureAE.NSyntacticConstituentAE - Attempt to obtain TregEx patterns for: tregexPatternsIT
 13:32:47.637 [main] TRACE com.ctapweb.feature.featureAE.NSyntacticConstituentAE - Obtained the TregEx patterns: (csubj|xcomp|ccomp|advcl|acl)
 13:32:47.637 [main] TRACE com.ctapweb.feature.featureAE.NSyntacticConstituentAE - Constituent type: DC; tregexPatterns: tregexPatternsIT 
 13:32:47.637 [main] TRACE com.ctapweb.feature.featureAE.NSyntacticConstituentAE - Initialization completed FEATURE_EXTRACTOR <NSyntacticConstituent Feature Extractor>.
 13:32:47.644 [main] TRACE com.ctapweb.feature.annotator.SentenceAnnotator - Processing document with ANNOTATOR <Sentence Annotator>: LA DONNA che salvò cento cani prega. Le pompe dell...
 13:32:47.645 [main] TRACE com.ctapweb.feature.annotator.TokenAnnotator - Processing document with ANNOTATOR <Token Annotator>: LA DONNA che salvò cento cani prega. Le pompe dell...
 13:32:47.649 [main] TRACE com.ctapweb.feature.annotator.POSAnnotator - Processing document with ANNOTATOR <POS Annotator>: LA DONNA che salvò cento cani prega. Le pompe dell...
 13:32:47.691 [main] TRACE com.ctapweb.feature.annotator.ParseTreeAnnotator - Processing document with ANNOTATOR <Parse Annotator>: LA DONNA che salvò cento cani prega. Le pompe dell...
 tree:
Document Date: 2019-11-12

Sentence #1 (8 tokens):
LA DONNA che salvò cento cani prega .

Tokens:
[Text=LA CharacterOffsetBegin=0 CharacterOffsetEnd=2 PartOfSpeech=SP Lemma=LA]
[Text=DONNA CharacterOffsetBegin=3 CharacterOffsetEnd=8 PartOfSpeech=SP Lemma=DONNA]
[Text=che CharacterOffsetBegin=9 CharacterOffsetEnd=12 PartOfSpeech=PR Lemma=che]
[Text=salvò CharacterOffsetBegin=13 CharacterOffsetEnd=18 PartOfSpeech=V Lemma=salvare]
[Text=cento CharacterOffsetBegin=19 CharacterOffsetEnd=24 PartOfSpeech=N Lemma=cento]
[Text=cani CharacterOffsetBegin=25 CharacterOffsetEnd=29 PartOfSpeech=S Lemma=cane]
[Text=prega CharacterOffsetBegin=30 CharacterOffsetEnd=35 PartOfSpeech=V Lemma=pregare]
[Text=. CharacterOffsetBegin=36 CharacterOffsetEnd=37 PartOfSpeech=FS Lemma=[PUNCT]]

Dependency Parse (enhanced plus plus dependencies):
root(ROOT-0, LA-1)
name(LA-1, DONNA-2)
nsubj(salvò-4, che-3)
acl:relcl(LA-1, salvò-4)
nummod(cani-6, cento-5)
dobj(salvò-4, cani-6)
advcl(salvò-4, prega-7)
punct(LA-1, .-8)

tree:
Document Date: 2019-11-12

Sentence #1 (40 tokens):
Le pompe dell' acqua del suo appartamento non funzionano più , i motori elettrici sono bruciati , l' elettricità è ko , i cartoni galleggiano nel suo appartamento mentre lei e il fratello cercano di aiutare gli animali malati :

Tokens:
[Text=Le CharacterOffsetBegin=0 CharacterOffsetEnd=2 PartOfSpeech=RD Lemma=la]
[Text=pompe CharacterOffsetBegin=3 CharacterOffsetEnd=8 PartOfSpeech=S Lemma=pompa]
[Text=dell' CharacterOffsetBegin=9 CharacterOffsetEnd=14 PartOfSpeech=E+RD Lemma=dell']
[Text=acqua CharacterOffsetBegin=15 CharacterOffsetEnd=20 PartOfSpeech=S Lemma=acqua]
[Text=del CharacterOffsetBegin=21 CharacterOffsetEnd=24 PartOfSpeech=E+RD Lemma=del]
[Text=suo CharacterOffsetBegin=25 CharacterOffsetEnd=28 PartOfSpeech=AP Lemma=suo]
[Text=appartamento CharacterOffsetBegin=29 CharacterOffsetEnd=41 PartOfSpeech=S Lemma=appartamento]
[Text=non CharacterOffsetBegin=42 CharacterOffsetEnd=45 PartOfSpeech=BN Lemma=non]
[Text=funzionano CharacterOffsetBegin=46 CharacterOffsetEnd=56 PartOfSpeech=V Lemma=funzionare]
[Text=più CharacterOffsetBegin=57 CharacterOffsetEnd=60 PartOfSpeech=B Lemma=più]
[Text=, CharacterOffsetBegin=61 CharacterOffsetEnd=62 PartOfSpeech=FF Lemma=[PUNCT]]
[Text=i CharacterOffsetBegin=63 CharacterOffsetEnd=64 PartOfSpeech=RD Lemma=il]
[Text=motori CharacterOffsetBegin=65 CharacterOffsetEnd=71 PartOfSpeech=S Lemma=motore]
[Text=elettrici CharacterOffsetBegin=72 CharacterOffsetEnd=81 PartOfSpeech=S Lemma=elettrice]
[Text=sono CharacterOffsetBegin=82 CharacterOffsetEnd=86 PartOfSpeech=VA Lemma=essere]
[Text=bruciati CharacterOffsetBegin=87 CharacterOffsetEnd=95 PartOfSpeech=V Lemma=bruciare]
[Text=, CharacterOffsetBegin=96 CharacterOffsetEnd=97 PartOfSpeech=FF Lemma=[PUNCT]]
[Text=l' CharacterOffsetBegin=98 CharacterOffsetEnd=100 PartOfSpeech=RD Lemma=l']
[Text=elettricità CharacterOffsetBegin=101 CharacterOffsetEnd=112 PartOfSpeech=S Lemma=elettricità]
[Text=è CharacterOffsetBegin=113 CharacterOffsetEnd=114 PartOfSpeech=V Lemma=essere]
[Text=ko CharacterOffsetBegin=115 CharacterOffsetEnd=117 PartOfSpeech=S Lemma=ko]
[Text=, CharacterOffsetBegin=118 CharacterOffsetEnd=119 PartOfSpeech=FF Lemma=[PUNCT]]
[Text=i CharacterOffsetBegin=120 CharacterOffsetEnd=121 PartOfSpeech=RD Lemma=il]
[Text=cartoni CharacterOffsetBegin=122 CharacterOffsetEnd=129 PartOfSpeech=S Lemma=cartone]
[Text=galleggiano CharacterOffsetBegin=130 CharacterOffsetEnd=141 PartOfSpeech=V Lemma=galleggiare]
[Text=nel CharacterOffsetBegin=142 CharacterOffsetEnd=145 PartOfSpeech=E+RD Lemma=nel]
[Text=suo CharacterOffsetBegin=146 CharacterOffsetEnd=149 PartOfSpeech=AP Lemma=suo]
[Text=appartamento CharacterOffsetBegin=150 CharacterOffsetEnd=162 PartOfSpeech=S Lemma=appartamento]
[Text=mentre CharacterOffsetBegin=163 CharacterOffsetEnd=169 PartOfSpeech=CS Lemma=mentre]
[Text=lei CharacterOffsetBegin=170 CharacterOffsetEnd=173 PartOfSpeech=PE Lemma=lei]
[Text=e CharacterOffsetBegin=174 CharacterOffsetEnd=175 PartOfSpeech=CC Lemma=e]
[Text=il CharacterOffsetBegin=176 CharacterOffsetEnd=178 PartOfSpeech=RD Lemma=il]
[Text=fratello CharacterOffsetBegin=179 CharacterOffsetEnd=187 PartOfSpeech=S Lemma=fratello]
[Text=cercano CharacterOffsetBegin=188 CharacterOffsetEnd=195 PartOfSpeech=V Lemma=cercare]
[Text=di CharacterOffsetBegin=196 CharacterOffsetEnd=198 PartOfSpeech=E Lemma=di]
[Text=aiutare CharacterOffsetBegin=199 CharacterOffsetEnd=206 PartOfSpeech=V Lemma=aiutare]
[Text=gli CharacterOffsetBegin=207 CharacterOffsetEnd=210 PartOfSpeech=RD Lemma=il]
[Text=animali CharacterOffsetBegin=211 CharacterOffsetEnd=218 PartOfSpeech=S Lemma=animale]
[Text=malati CharacterOffsetBegin=219 CharacterOffsetEnd=225 PartOfSpeech=S Lemma=malato]
[Text=: CharacterOffsetBegin=226 CharacterOffsetEnd=227 PartOfSpeech=FC Lemma=[PUNCT]]

Dependency Parse (enhanced plus plus dependencies):
root(ROOT-0, funzionano-9)
det(pompe-2, Le-1)
nsubj(funzionano-9, pompe-2)
case(acqua-4, dell'-3)
nmod:dell'(pompe-2, acqua-4)
case(appartamento-7, del-5)
det:poss(appartamento-7, suo-6)
nmod:del(acqua-4, appartamento-7)
neg(funzionano-9, non-8)
advmod(funzionano-9, più-10)
punct(funzionano-9, ,-11)
det(motori-13, i-12)
nsubjpass(bruciati-16, motori-13)
compound(motori-13, elettrici-14)
auxpass(bruciati-16, sono-15)
conj(funzionano-9, bruciati-16)
punct(funzionano-9, ,-17)
det(elettricità-19, l'-18)
nsubj(ko-21, elettricità-19)
cop(ko-21, è-20)
conj(funzionano-9, ko-21)
punct(funzionano-9, ,-22)
det(cartoni-24, i-23)
conj(funzionano-9, cartoni-24)
acl(cartoni-24, galleggiano-25)
case(appartamento-28, nel-26)
det:poss(appartamento-28, suo-27)
nmod:nel(galleggiano-25, appartamento-28)
mark(cercano-34, mentre-29)
nsubj(cercano-34, lei-30)
nsubj:xsubj(aiutare-36, lei-30)
cc(lei-30, e-31)
det(fratello-33, il-32)
conj:e(lei-30, fratello-33)
nsubj(cercano-34, fratello-33)
nsubj:xsubj(aiutare-36, fratello-33)
advcl:mentre(galleggiano-25, cercano-34)
mark(aiutare-36, di-35)
xcomp(cercano-34, aiutare-36)
det(animali-38, gli-37)
dobj(aiutare-36, animali-38)
compound(animali-38, malati-39)
punct(funzionano-9, :-40)

Sentence #2 (38 tokens):
l' uragano Dorian , che ha colpito duramente le Bahamas facendo almeno cinque vittime e costringendo alla fuga milioni di persone , finalmente si sta pian piano spostando ma ha lasciato per strada una scia di devastazioni .

Tokens:
[Text=l' CharacterOffsetBegin=228 CharacterOffsetEnd=230 PartOfSpeech=RD Lemma=l']
[Text=uragano CharacterOffsetBegin=231 CharacterOffsetEnd=238 PartOfSpeech=S Lemma=uragano]
[Text=Dorian CharacterOffsetBegin=239 CharacterOffsetEnd=245 PartOfSpeech=SP Lemma=Dorian]
[Text=, CharacterOffsetBegin=246 CharacterOffsetEnd=247 PartOfSpeech=FF Lemma=[PUNCT]]
[Text=che CharacterOffsetBegin=248 CharacterOffsetEnd=251 PartOfSpeech=PR Lemma=che]
[Text=ha CharacterOffsetBegin=252 CharacterOffsetEnd=254 PartOfSpeech=VA Lemma=avere]
[Text=colpito CharacterOffsetBegin=255 CharacterOffsetEnd=262 PartOfSpeech=V Lemma=colpire]
[Text=duramente CharacterOffsetBegin=263 CharacterOffsetEnd=272 PartOfSpeech=B Lemma=duramente]
[Text=le CharacterOffsetBegin=273 CharacterOffsetEnd=275 PartOfSpeech=RD Lemma=la]
[Text=Bahamas CharacterOffsetBegin=276 CharacterOffsetEnd=283 PartOfSpeech=SP Lemma=Bahamas]
[Text=facendo CharacterOffsetBegin=284 CharacterOffsetEnd=291 PartOfSpeech=V Lemma=fare]
[Text=almeno CharacterOffsetBegin=292 CharacterOffsetEnd=298 PartOfSpeech=B Lemma=almeno]
[Text=cinque CharacterOffsetBegin=299 CharacterOffsetEnd=305 PartOfSpeech=N Lemma=cinque]
[Text=vittime CharacterOffsetBegin=306 CharacterOffsetEnd=313 PartOfSpeech=S Lemma=vittima]
[Text=e CharacterOffsetBegin=314 CharacterOffsetEnd=315 PartOfSpeech=CC Lemma=e]
[Text=costringendo CharacterOffsetBegin=316 CharacterOffsetEnd=328 PartOfSpeech=V Lemma=costringere]
[Text=alla CharacterOffsetBegin=329 CharacterOffsetEnd=333 PartOfSpeech=E+RD Lemma=alla]
[Text=fuga CharacterOffsetBegin=334 CharacterOffsetEnd=338 PartOfSpeech=S Lemma=fuga]
[Text=milioni CharacterOffsetBegin=339 CharacterOffsetEnd=346 PartOfSpeech=S Lemma=milione]
[Text=di CharacterOffsetBegin=347 CharacterOffsetEnd=349 PartOfSpeech=E Lemma=di]
[Text=persone CharacterOffsetBegin=350 CharacterOffsetEnd=357 PartOfSpeech=S Lemma=persona]
[Text=, CharacterOffsetBegin=358 CharacterOffsetEnd=359 PartOfSpeech=FF Lemma=[PUNCT]]
[Text=finalmente CharacterOffsetBegin=360 CharacterOffsetEnd=370 PartOfSpeech=B Lemma=finalmente]
[Text=si CharacterOffsetBegin=371 CharacterOffsetEnd=373 PartOfSpeech=PC Lemma=si]
[Text=sta CharacterOffsetBegin=374 CharacterOffsetEnd=377 PartOfSpeech=VA Lemma=stare]
[Text=pian CharacterOffsetBegin=378 CharacterOffsetEnd=382 PartOfSpeech=V Lemma=piare]
[Text=piano CharacterOffsetBegin=383 CharacterOffsetEnd=388 PartOfSpeech=B Lemma=piano]
[Text=spostando CharacterOffsetBegin=389 CharacterOffsetEnd=398 PartOfSpeech=V Lemma=spostare]
[Text=ma CharacterOffsetBegin=399 CharacterOffsetEnd=401 PartOfSpeech=CC Lemma=ma]
[Text=ha CharacterOffsetBegin=402 CharacterOffsetEnd=404 PartOfSpeech=VA Lemma=avere]
[Text=lasciato CharacterOffsetBegin=405 CharacterOffsetEnd=413 PartOfSpeech=V Lemma=lasciare]
[Text=per CharacterOffsetBegin=414 CharacterOffsetEnd=417 PartOfSpeech=E Lemma=per]
[Text=strada CharacterOffsetBegin=418 CharacterOffsetEnd=424 PartOfSpeech=S Lemma=strada]
[Text=una CharacterOffsetBegin=425 CharacterOffsetEnd=428 PartOfSpeech=A Lemma=uno]
[Text=scia CharacterOffsetBegin=429 CharacterOffsetEnd=433 PartOfSpeech=S Lemma=scia]
[Text=di CharacterOffsetBegin=434 CharacterOffsetEnd=436 PartOfSpeech=E Lemma=di]
[Text=devastazioni CharacterOffsetBegin=437 CharacterOffsetEnd=449 PartOfSpeech=S Lemma=devastazione]
[Text=. CharacterOffsetBegin=450 CharacterOffsetEnd=451 PartOfSpeech=FS Lemma=[PUNCT]]

Dependency Parse (enhanced plus plus dependencies):
root(ROOT-0, uragano-2)
det(uragano-2, l'-1)
nmod(uragano-2, Dorian-3)
punct(uragano-2, ,-4)
nsubj(colpito-7, che-5)
aux(colpito-7, ha-6)
acl:relcl(uragano-2, colpito-7)
advmod(colpito-7, duramente-8)
det(Bahamas-10, le-9)
dobj(colpito-7, Bahamas-10)
advcl(colpito-7, facendo-11)
advmod(cinque-13, almeno-12)
nummod(vittime-14, cinque-13)
dobj(facendo-11, vittime-14)
cc(colpito-7, e-15)
acl:relcl(uragano-2, costringendo-16)
conj:e(colpito-7, costringendo-16)
case(fuga-18, alla-17)
nmod:alla(costringendo-16, fuga-18)
nmod(fuga-18, milioni-19)
case(persone-21, di-20)
nmod:di(milioni-19, persone-21)
punct(costringendo-16, ,-22)
advmod(pian-26, finalmente-23)
expl(pian-26, si-24)
aux(pian-26, sta-25)
advcl(costringendo-16, pian-26)
advmod(spostando-28, piano-27)
xcomp(pian-26, spostando-28)
cc(spostando-28, ma-29)
aux(lasciato-31, ha-30)
xcomp(pian-26, lasciato-31)
conj:ma(spostando-28, lasciato-31)
case(strada-33, per-32)
nmod:per(lasciato-31, strada-33)
amod(scia-35, una-34)
dobj(lasciato-31, scia-35)
case(devastazioni-37, di-36)
nmod:di(scia-35, devastazioni-37)
punct(uragano-2, .-38)

tree:
Document Date: 2019-11-12

Sentence #1 (12 tokens):
" Io prego per le altre isole che hanno danni inimmaginabili .

Tokens:
[Text=" CharacterOffsetBegin=0 CharacterOffsetEnd=1 PartOfSpeech=FB Lemma=[PUNCT]]
[Text=Io CharacterOffsetBegin=2 CharacterOffsetEnd=4 PartOfSpeech=PE Lemma=io]
[Text=prego CharacterOffsetBegin=5 CharacterOffsetEnd=10 PartOfSpeech=V Lemma=pregare]
[Text=per CharacterOffsetBegin=11 CharacterOffsetEnd=14 PartOfSpeech=E Lemma=per]
[Text=le CharacterOffsetBegin=15 CharacterOffsetEnd=17 PartOfSpeech=RD Lemma=la]
[Text=altre CharacterOffsetBegin=18 CharacterOffsetEnd=23 PartOfSpeech=PI Lemma=altre]
[Text=isole CharacterOffsetBegin=24 CharacterOffsetEnd=29 PartOfSpeech=S Lemma=isola]
[Text=che CharacterOffsetBegin=30 CharacterOffsetEnd=33 PartOfSpeech=PR Lemma=che]
[Text=hanno CharacterOffsetBegin=34 CharacterOffsetEnd=39 PartOfSpeech=V Lemma=avere]
[Text=danni CharacterOffsetBegin=40 CharacterOffsetEnd=45 PartOfSpeech=S Lemma=danno]
[Text=inimmaginabili CharacterOffsetBegin=46 CharacterOffsetEnd=60 PartOfSpeech=A Lemma=inimmaginabile]
[Text=. CharacterOffsetBegin=61 CharacterOffsetEnd=62 PartOfSpeech=FS Lemma=[PUNCT]]

Dependency Parse (enhanced plus plus dependencies):
root(ROOT-0, prego-3)
punct(prego-3, "-1)
nsubj(prego-3, Io-2)
case(isole-7, per-4)
det(altre-6, le-5)
nsubj(isole-7, altre-6)
nmod:per(prego-3, isole-7)
nsubj(hanno-9, che-8)
acl:relcl(isole-7, hanno-9)
dobj(hanno-9, danni-10)
amod(danni-10, inimmaginabili-11)
punct(prego-3, .-12)

tree:
Document Date: 2019-11-12

Sentence #1 (13 tokens):
Non vedo come nessun cane o essere vivente possa sopravvivere lì fuori .

Tokens:
[Text=Non CharacterOffsetBegin=0 CharacterOffsetEnd=3 PartOfSpeech=BN Lemma=non]
[Text=vedo CharacterOffsetBegin=4 CharacterOffsetEnd=8 PartOfSpeech=V Lemma=vedere]
[Text=come CharacterOffsetBegin=9 CharacterOffsetEnd=13 PartOfSpeech=CS Lemma=come]
[Text=nessun CharacterOffsetBegin=14 CharacterOffsetEnd=20 PartOfSpeech=DI Lemma=nessun]
[Text=cane CharacterOffsetBegin=21 CharacterOffsetEnd=25 PartOfSpeech=S Lemma=cane]
[Text=o CharacterOffsetBegin=26 CharacterOffsetEnd=27 PartOfSpeech=CC Lemma=o]
[Text=essere CharacterOffsetBegin=28 CharacterOffsetEnd=34 PartOfSpeech=VA Lemma=essere]
[Text=vivente CharacterOffsetBegin=35 CharacterOffsetEnd=42 PartOfSpeech=V Lemma=vivere]
[Text=possa CharacterOffsetBegin=43 CharacterOffsetEnd=48 PartOfSpeech=VM Lemma=potere]
[Text=sopravvivere CharacterOffsetBegin=49 CharacterOffsetEnd=61 PartOfSpeech=V Lemma=sopravvivere]
[Text=lì CharacterOffsetBegin=62 CharacterOffsetEnd=64 PartOfSpeech=B Lemma=lì]
[Text=fuori CharacterOffsetBegin=65 CharacterOffsetEnd=70 PartOfSpeech=B Lemma=fuori]
[Text=. CharacterOffsetBegin=71 CharacterOffsetEnd=72 PartOfSpeech=FS Lemma=[PUNCT]]

Dependency Parse (enhanced plus plus dependencies):
root(ROOT-0, vedo-2)
neg(vedo-2, Non-1)
mark(sopravvivere-10, come-3)
det(cane-5, nessun-4)
nsubj(sopravvivere-10, cane-5)
cc(cane-5, o-6)
auxpass(vivente-8, essere-7)
conj:o(cane-5, vivente-8)
nsubj(sopravvivere-10, vivente-8)
aux(sopravvivere-10, possa-9)
ccomp(vedo-2, sopravvivere-10)
advmod(sopravvivere-10, lì-11)
advmod(sopravvivere-10, fuori-12)
punct(vedo-2, .-13)

tree:
Document Date: 2019-11-12

Sentence #1 (6 tokens):
Ho il cuore spezzato " .

Tokens:
[Text=Ho CharacterOffsetBegin=0 CharacterOffsetEnd=2 PartOfSpeech=V Lemma=avere]
[Text=il CharacterOffsetBegin=3 CharacterOffsetEnd=5 PartOfSpeech=RD Lemma=il]
[Text=cuore CharacterOffsetBegin=6 CharacterOffsetEnd=11 PartOfSpeech=S Lemma=cuore]
[Text=spezzato CharacterOffsetBegin=12 CharacterOffsetEnd=20 PartOfSpeech=V Lemma=spezzare]
[Text=" CharacterOffsetBegin=21 CharacterOffsetEnd=22 PartOfSpeech=FB Lemma=[PUNCT]]
[Text=. CharacterOffsetBegin=23 CharacterOffsetEnd=24 PartOfSpeech=FS Lemma=[PUNCT]]

Dependency Parse (enhanced plus plus dependencies):
root(ROOT-0, Ho-1)
det(cuore-3, il-2)
dobj(Ho-1, cuore-3)
acl(cuore-3, spezzato-4)
punct(Ho-1, "-5)
punct(Ho-1, .-6)

tree:
Document Date: 2019-11-12

Sentence #1 (50 tokens):
A parlare è Chella Phillips , ambientalista e amante degli animali che ha deciso di mettere a disposizione il suo appartamento a Nassau , Bahamas , per ospitare quasi 100 cani randagi (novantasette in tutto ) nel suo appartamento in modo da proteggerli dalla furia devastante di Dorian .

Tokens:
[Text=A CharacterOffsetBegin=0 CharacterOffsetEnd=1 PartOfSpeech=E Lemma=a]
[Text=parlare CharacterOffsetBegin=2 CharacterOffsetEnd=9 PartOfSpeech=V Lemma=parlare]
[Text=è CharacterOffsetBegin=10 CharacterOffsetEnd=11 PartOfSpeech=V Lemma=essere]
[Text=Chella CharacterOffsetBegin=12 CharacterOffsetEnd=18 PartOfSpeech=SP Lemma=Chella]
[Text=Phillips CharacterOffsetBegin=19 CharacterOffsetEnd=27 PartOfSpeech=SP Lemma=Phillips]
[Text=, CharacterOffsetBegin=28 CharacterOffsetEnd=29 PartOfSpeech=FF Lemma=[PUNCT]]
[Text=ambientalista CharacterOffsetBegin=30 CharacterOffsetEnd=43 PartOfSpeech=A Lemma=ambientalista]
[Text=e CharacterOffsetBegin=44 CharacterOffsetEnd=45 PartOfSpeech=CC Lemma=e]
[Text=amante CharacterOffsetBegin=46 CharacterOffsetEnd=52 PartOfSpeech=S Lemma=amante]
[Text=degli CharacterOffsetBegin=53 CharacterOffsetEnd=58 PartOfSpeech=E+RD Lemma=del]
[Text=animali CharacterOffsetBegin=59 CharacterOffsetEnd=66 PartOfSpeech=S Lemma=animale]
[Text=che CharacterOffsetBegin=67 CharacterOffsetEnd=70 PartOfSpeech=PR Lemma=che]
[Text=ha CharacterOffsetBegin=71 CharacterOffsetEnd=73 PartOfSpeech=VA Lemma=avere]
[Text=deciso CharacterOffsetBegin=74 CharacterOffsetEnd=80 PartOfSpeech=V Lemma=decidere]
[Text=di CharacterOffsetBegin=81 CharacterOffsetEnd=83 PartOfSpeech=E Lemma=di]
[Text=mettere CharacterOffsetBegin=84 CharacterOffsetEnd=91 PartOfSpeech=V Lemma=mettere]
[Text=a CharacterOffsetBegin=92 CharacterOffsetEnd=93 PartOfSpeech=E Lemma=a]
[Text=disposizione CharacterOffsetBegin=94 CharacterOffsetEnd=106 PartOfSpeech=S Lemma=disposizione]
[Text=il CharacterOffsetBegin=107 CharacterOffsetEnd=109 PartOfSpeech=RD Lemma=il]
[Text=suo CharacterOffsetBegin=110 CharacterOffsetEnd=113 PartOfSpeech=AP Lemma=suo]
[Text=appartamento CharacterOffsetBegin=114 CharacterOffsetEnd=126 PartOfSpeech=S Lemma=appartamento]
[Text=a CharacterOffsetBegin=127 CharacterOffsetEnd=128 PartOfSpeech=E Lemma=a]
[Text=Nassau CharacterOffsetBegin=129 CharacterOffsetEnd=135 PartOfSpeech=SP Lemma=Nassau]
[Text=, CharacterOffsetBegin=136 CharacterOffsetEnd=137 PartOfSpeech=FF Lemma=[PUNCT]]
[Text=Bahamas CharacterOffsetBegin=138 CharacterOffsetEnd=145 PartOfSpeech=SP Lemma=Bahamas]
[Text=, CharacterOffsetBegin=146 CharacterOffsetEnd=147 PartOfSpeech=FF Lemma=[PUNCT]]
[Text=per CharacterOffsetBegin=148 CharacterOffsetEnd=151 PartOfSpeech=E Lemma=per]
[Text=ospitare CharacterOffsetBegin=152 CharacterOffsetEnd=160 PartOfSpeech=V Lemma=ospitare]
[Text=quasi CharacterOffsetBegin=161 CharacterOffsetEnd=166 PartOfSpeech=B Lemma=quasi]
[Text=100 CharacterOffsetBegin=167 CharacterOffsetEnd=170 PartOfSpeech=N Lemma=100]
[Text=cani CharacterOffsetBegin=171 CharacterOffsetEnd=175 PartOfSpeech=S Lemma=cane]
[Text=randagi CharacterOffsetBegin=176 CharacterOffsetEnd=183 PartOfSpeech=S Lemma=randagio]
[Text=( CharacterOffsetBegin=184 CharacterOffsetEnd=185 PartOfSpeech=FB Lemma=[PUNCT]]
[Text=novantasette CharacterOffsetBegin=185 CharacterOffsetEnd=197 PartOfSpeech=A Lemma=novantasette]
[Text=in CharacterOffsetBegin=198 CharacterOffsetEnd=200 PartOfSpeech=E Lemma=in]
[Text=tutto CharacterOffsetBegin=201 CharacterOffsetEnd=206 PartOfSpeech=PI Lemma=tutto]
[Text=) CharacterOffsetBegin=207 CharacterOffsetEnd=208 PartOfSpeech=FB Lemma=[PUNCT]]
[Text=nel CharacterOffsetBegin=209 CharacterOffsetEnd=212 PartOfSpeech=E+RD Lemma=nel]
[Text=suo CharacterOffsetBegin=213 CharacterOffsetEnd=216 PartOfSpeech=AP Lemma=suo]
[Text=appartamento CharacterOffsetBegin=217 CharacterOffsetEnd=229 PartOfSpeech=S Lemma=appartamento]
[Text=in CharacterOffsetBegin=230 CharacterOffsetEnd=232 PartOfSpeech=E Lemma=in]
[Text=modo CharacterOffsetBegin=233 CharacterOffsetEnd=237 PartOfSpeech=S Lemma=modo]
[Text=da CharacterOffsetBegin=238 CharacterOffsetEnd=240 PartOfSpeech=E Lemma=da]
[Text=proteggerli CharacterOffsetBegin=241 CharacterOffsetEnd=252 PartOfSpeech=V+PC Lemma=proteggere]
[Text=dalla CharacterOffsetBegin=253 CharacterOffsetEnd=258 PartOfSpeech=E+RD Lemma=dalla]
[Text=furia CharacterOffsetBegin=259 CharacterOffsetEnd=264 PartOfSpeech=S Lemma=furia]
[Text=devastante CharacterOffsetBegin=265 CharacterOffsetEnd=275 PartOfSpeech=A Lemma=devastante]
[Text=di CharacterOffsetBegin=276 CharacterOffsetEnd=278 PartOfSpeech=E Lemma=di]
[Text=Dorian CharacterOffsetBegin=279 CharacterOffsetEnd=285 PartOfSpeech=SP Lemma=Dorian]
[Text=. CharacterOffsetBegin=286 CharacterOffsetEnd=287 PartOfSpeech=FS Lemma=[PUNCT]]

Dependency Parse (enhanced plus plus dependencies):
root(ROOT-0, Chella-4)
mark(parlare-2, A-1)
ccomp(Chella-4, parlare-2)
cop(Chella-4, è-3)
name(Chella-4, Phillips-5)
punct(Chella-4, ,-6)
amod(Chella-4, ambientalista-7)
cc(ambientalista-7, e-8)
amod(Chella-4, amante-9)
conj:e(ambientalista-7, amante-9)
case(animali-11, degli-10)
nmod:degli(amante-9, animali-11)
nsubj(deciso-14, che-12)
nsubj:xsubj(mettere-16, che-12)
aux(deciso-14, ha-13)
acl:relcl(Chella-4, deciso-14)
mark(mettere-16, di-15)
xcomp(deciso-14, mettere-16)
case(disposizione-18, a-17)
nmod:a(mettere-16, disposizione-18)
det(appartamento-21, il-19)
det:poss(appartamento-21, suo-20)
dobj(mettere-16, appartamento-21)
case(Nassau-23, a-22)
nmod:a(mettere-16, Nassau-23)
punct(mettere-16, ,-24)
dobj(mettere-16, Bahamas-25)
punct(mettere-16, ,-26)
mark(ospitare-28, per-27)
advcl:per(mettere-16, ospitare-28)
advmod(100-30, quasi-29)
nummod(cani-31, 100-30)
dobj(ospitare-28, cani-31)
compound(cani-31, randagi-32)
punct(novantasette-34, (-33)
nmod(mettere-16, novantasette-34)
case(tutto-36, in-35)
nmod:in(novantasette-34, tutto-36)
punct(novantasette-34, )-37)
case(appartamento-40, nel-38)
det:poss(appartamento-40, suo-39)
nmod:nel(mettere-16, appartamento-40)
case(modo-42, in-41)
nmod:in(mettere-16, modo-42)
mark(proteggerli-44, da-43)
acl:da(modo-42, proteggerli-44)
case(furia-46, dalla-45)
nmod:dalla(proteggerli-44, furia-46)
amod(furia-46, devastante-47)
case(Dorian-49, di-48)
nmod:di(furia-46, Dorian-49)
punct(Chella-4, .-50)

tree:
Document Date: 2019-11-12

Sentence #1 (10 tokens):
Molti di loro sono malati e spaventati dalle intemperie .

Tokens:
[Text=Molti CharacterOffsetBegin=0 CharacterOffsetEnd=5 PartOfSpeech=PI Lemma=molti]
[Text=di CharacterOffsetBegin=6 CharacterOffsetEnd=8 PartOfSpeech=E Lemma=di]
[Text=loro CharacterOffsetBegin=9 CharacterOffsetEnd=13 PartOfSpeech=PE Lemma=loro]
[Text=sono CharacterOffsetBegin=14 CharacterOffsetEnd=18 PartOfSpeech=V Lemma=essere]
[Text=malati CharacterOffsetBegin=19 CharacterOffsetEnd=25 PartOfSpeech=S Lemma=malato]
[Text=e CharacterOffsetBegin=26 CharacterOffsetEnd=27 PartOfSpeech=CC Lemma=e]
[Text=spaventati CharacterOffsetBegin=28 CharacterOffsetEnd=38 PartOfSpeech=S Lemma=spaventato]
[Text=dalle CharacterOffsetBegin=39 CharacterOffsetEnd=44 PartOfSpeech=E+RD Lemma=dalla]
[Text=intemperie CharacterOffsetBegin=45 CharacterOffsetEnd=55 PartOfSpeech=S Lemma=intemperia]
[Text=. CharacterOffsetBegin=56 CharacterOffsetEnd=57 PartOfSpeech=FS Lemma=[PUNCT]]

Dependency Parse (enhanced plus plus dependencies):
root(ROOT-0, malati-5)
nsubj(malati-5, Molti-1)
case(loro-3, di-2)
nmod:di(Molti-1, loro-3)
cop(malati-5, sono-4)
cc(malati-5, e-6)
conj:e(malati-5, spaventati-7)
case(intemperie-9, dalle-8)
nmod:dalle(spaventati-7, intemperie-9)
punct(malati-5, .-10)

tree:
Document Date: 2019-11-12

Sentence #1 (4 tokens):
Scrive su Facebook :

Tokens:
[Text=Scrive CharacterOffsetBegin=0 CharacterOffsetEnd=6 PartOfSpeech=V Lemma=scrivere]
[Text=su CharacterOffsetBegin=7 CharacterOffsetEnd=9 PartOfSpeech=E Lemma=su]
[Text=Facebook CharacterOffsetBegin=10 CharacterOffsetEnd=18 PartOfSpeech=SP Lemma=Facebook]
[Text=: CharacterOffsetBegin=19 CharacterOffsetEnd=20 PartOfSpeech=FC Lemma=[PUNCT]]

Dependency Parse (enhanced plus plus dependencies):
root(ROOT-0, Scrive-1)
case(Facebook-3, su-2)
nmod:su(Scrive-1, Facebook-3)
punct(Scrive-1, :-4)

Sentence #2 (19 tokens):
" 97 cani sono dentro casa mia e 79 di loro sono nella mia camera da letto principale .

Tokens:
[Text=" CharacterOffsetBegin=21 CharacterOffsetEnd=22 PartOfSpeech=FB Lemma=[PUNCT]]
[Text=97 CharacterOffsetBegin=23 CharacterOffsetEnd=25 PartOfSpeech=N Lemma=97]
[Text=cani CharacterOffsetBegin=26 CharacterOffsetEnd=30 PartOfSpeech=S Lemma=cane]
[Text=sono CharacterOffsetBegin=31 CharacterOffsetEnd=35 PartOfSpeech=V Lemma=essere]
[Text=dentro CharacterOffsetBegin=36 CharacterOffsetEnd=42 PartOfSpeech=B Lemma=dentro]
[Text=casa CharacterOffsetBegin=43 CharacterOffsetEnd=47 PartOfSpeech=S Lemma=casa]
[Text=mia CharacterOffsetBegin=48 CharacterOffsetEnd=51 PartOfSpeech=AP Lemma=mio]
[Text=e CharacterOffsetBegin=52 CharacterOffsetEnd=53 PartOfSpeech=CC Lemma=e]
[Text=79 CharacterOffsetBegin=54 CharacterOffsetEnd=56 PartOfSpeech=N Lemma=79]
[Text=di CharacterOffsetBegin=57 CharacterOffsetEnd=59 PartOfSpeech=E Lemma=di]
[Text=loro CharacterOffsetBegin=60 CharacterOffsetEnd=64 PartOfSpeech=PE Lemma=loro]
[Text=sono CharacterOffsetBegin=65 CharacterOffsetEnd=69 PartOfSpeech=V Lemma=essere]
[Text=nella CharacterOffsetBegin=70 CharacterOffsetEnd=75 PartOfSpeech=E+RD Lemma=nella]
[Text=mia CharacterOffsetBegin=76 CharacterOffsetEnd=79 PartOfSpeech=AP Lemma=mio]
[Text=camera CharacterOffsetBegin=80 CharacterOffsetEnd=86 PartOfSpeech=S Lemma=camera]
[Text=da CharacterOffsetBegin=87 CharacterOffsetEnd=89 PartOfSpeech=E Lemma=da]
[Text=letto CharacterOffsetBegin=90 CharacterOffsetEnd=95 PartOfSpeech=S Lemma=letto]
[Text=principale CharacterOffsetBegin=96 CharacterOffsetEnd=106 PartOfSpeech=A Lemma=principale]
[Text=. CharacterOffsetBegin=107 CharacterOffsetEnd=108 PartOfSpeech=FS Lemma=[PUNCT]]

Dependency Parse (enhanced plus plus dependencies):
root(ROOT-0, casa-6)
punct(casa-6, "-1)
nummod(cani-3, 97-2)
nsubj(casa-6, cani-3)
cop(casa-6, sono-4)
advmod(casa-6, dentro-5)
det:poss(casa-6, mia-7)
cc(mia-7, e-8)
det:poss(casa-6, 79-9)
conj:e(mia-7, 79-9)
case(loro-11, di-10)
nmod:di(mia-7, loro-11)
acl:relcl(mia-7, sono-12)
case(camera-15, nella-13)
det:poss(camera-15, mia-14)
nmod:nella(sono-12, camera-15)
case(letto-17, da-16)
nmod:da(camera-15, letto-17)
amod(letto-17, principale-18)
punct(casa-6, .-19)

tree:
Document Date: 2019-11-12

Sentence #1 (30 tokens):
È stato terribile quello che ho dovuto fare la scorsa notte , ho pulito escrementi senza sosta ma almeno rispettano il mio letto e nessuno ha osato saltarci sopra .

Tokens:
[Text=È CharacterOffsetBegin=0 CharacterOffsetEnd=1 PartOfSpeech=VA Lemma=essere]
[Text=stato CharacterOffsetBegin=2 CharacterOffsetEnd=7 PartOfSpeech=V Lemma=essere]
[Text=terribile CharacterOffsetBegin=8 CharacterOffsetEnd=17 PartOfSpeech=A Lemma=terribile]
[Text=quello CharacterOffsetBegin=18 CharacterOffsetEnd=24 PartOfSpeech=PD Lemma=quello]
[Text=che CharacterOffsetBegin=25 CharacterOffsetEnd=28 PartOfSpeech=PR Lemma=che]
[Text=ho CharacterOffsetBegin=29 CharacterOffsetEnd=31 PartOfSpeech=VA Lemma=avere]
[Text=dovuto CharacterOffsetBegin=32 CharacterOffsetEnd=38 PartOfSpeech=VM Lemma=dovere]
[Text=fare CharacterOffsetBegin=39 CharacterOffsetEnd=43 PartOfSpeech=V Lemma=fare]
[Text=la CharacterOffsetBegin=44 CharacterOffsetEnd=46 PartOfSpeech=RD Lemma=la]
[Text=scorsa CharacterOffsetBegin=47 CharacterOffsetEnd=53 PartOfSpeech=A Lemma=scorso]
[Text=notte CharacterOffsetBegin=54 CharacterOffsetEnd=59 PartOfSpeech=S Lemma=notte]
[Text=, CharacterOffsetBegin=60 CharacterOffsetEnd=61 PartOfSpeech=FF Lemma=[PUNCT]]
[Text=ho CharacterOffsetBegin=62 CharacterOffsetEnd=64 PartOfSpeech=VA Lemma=avere]
[Text=pulito CharacterOffsetBegin=65 CharacterOffsetEnd=71 PartOfSpeech=V Lemma=pulire]
[Text=escrementi CharacterOffsetBegin=72 CharacterOffsetEnd=82 PartOfSpeech=S Lemma=escremento]
[Text=senza CharacterOffsetBegin=83 CharacterOffsetEnd=88 PartOfSpeech=E Lemma=senza]
[Text=sosta CharacterOffsetBegin=89 CharacterOffsetEnd=94 PartOfSpeech=S Lemma=sosta]
[Text=ma CharacterOffsetBegin=95 CharacterOffsetEnd=97 PartOfSpeech=CC Lemma=ma]
[Text=almeno CharacterOffsetBegin=98 CharacterOffsetEnd=104 PartOfSpeech=B Lemma=almeno]
[Text=rispettano CharacterOffsetBegin=105 CharacterOffsetEnd=115 PartOfSpeech=V Lemma=rispettare]
[Text=il CharacterOffsetBegin=116 CharacterOffsetEnd=118 PartOfSpeech=RD Lemma=il]
[Text=mio CharacterOffsetBegin=119 CharacterOffsetEnd=122 PartOfSpeech=AP Lemma=mio]
[Text=letto CharacterOffsetBegin=123 CharacterOffsetEnd=128 PartOfSpeech=S Lemma=letto]
[Text=e CharacterOffsetBegin=129 CharacterOffsetEnd=130 PartOfSpeech=CC Lemma=e]
[Text=nessuno CharacterOffsetBegin=131 CharacterOffsetEnd=138 PartOfSpeech=PI Lemma=nessuno]
[Text=ha CharacterOffsetBegin=139 CharacterOffsetEnd=141 PartOfSpeech=VA Lemma=avere]
[Text=osato CharacterOffsetBegin=142 CharacterOffsetEnd=147 PartOfSpeech=V Lemma=osare]
[Text=saltarci CharacterOffsetBegin=148 CharacterOffsetEnd=156 PartOfSpeech=V+PC Lemma=saltare]
[Text=sopra CharacterOffsetBegin=157 CharacterOffsetEnd=162 PartOfSpeech=B Lemma=sopra]
[Text=. CharacterOffsetBegin=163 CharacterOffsetEnd=164 PartOfSpeech=FS Lemma=[PUNCT]]

Dependency Parse (enhanced plus plus dependencies):
root(ROOT-0, terribile-3)
aux(terribile-3, È-1)
cop(terribile-3, stato-2)
nsubj(terribile-3, quello-4)
dobj(fare-8, che-5)
aux(fare-8, ho-6)
aux(fare-8, dovuto-7)
acl:relcl(quello-4, fare-8)
det(notte-11, la-9)
amod(notte-11, scorsa-10)
dobj(fare-8, notte-11)
punct(terribile-3, ,-12)
aux(pulito-14, ho-13)
conj:ma(terribile-3, pulito-14)
dobj(pulito-14, escrementi-15)
case(sosta-17, senza-16)
nmod:senza(pulito-14, sosta-17)
cc(terribile-3, ma-18)
advmod(rispettano-20, almeno-19)
conj:ma(terribile-3, rispettano-20)
det(letto-23, il-21)
det:poss(letto-23, mio-22)
dobj(rispettano-20, letto-23)
cc(terribile-3, e-24)
nsubj(osato-27, nessuno-25)
aux(osato-27, ha-26)
conj:e(terribile-3, osato-27)
xcomp(osato-27, saltarci-28)
advmod(saltarci-28, sopra-29)
punct(terribile-3, .-30)

tree:
Document Date: 2019-11-12

Sentence #1 (29 tokens):
Abbiamo barricato il rifugio e nessuno è fuori nella tempesta , la musica sta suonando in tutte le direzioni della casa e l’aria condizionata sta rinfrescando tutti .

Tokens:
[Text=Abbiamo CharacterOffsetBegin=0 CharacterOffsetEnd=7 PartOfSpeech=VA Lemma=avere]
[Text=barricato CharacterOffsetBegin=8 CharacterOffsetEnd=17 PartOfSpeech=V Lemma=barricare]
[Text=il CharacterOffsetBegin=18 CharacterOffsetEnd=20 PartOfSpeech=RD Lemma=il]
[Text=rifugio CharacterOffsetBegin=21 CharacterOffsetEnd=28 PartOfSpeech=S Lemma=rifugio]
[Text=e CharacterOffsetBegin=29 CharacterOffsetEnd=30 PartOfSpeech=CC Lemma=e]
[Text=nessuno CharacterOffsetBegin=31 CharacterOffsetEnd=38 PartOfSpeech=PI Lemma=nessuno]
[Text=è CharacterOffsetBegin=39 CharacterOffsetEnd=40 PartOfSpeech=V Lemma=essere]
[Text=fuori CharacterOffsetBegin=41 CharacterOffsetEnd=46 PartOfSpeech=B Lemma=fuori]
[Text=nella CharacterOffsetBegin=47 CharacterOffsetEnd=52 PartOfSpeech=E+RD Lemma=nella]
[Text=tempesta CharacterOffsetBegin=53 CharacterOffsetEnd=61 PartOfSpeech=S Lemma=tempesta]
[Text=, CharacterOffsetBegin=62 CharacterOffsetEnd=63 PartOfSpeech=FF Lemma=[PUNCT]]
[Text=la CharacterOffsetBegin=64 CharacterOffsetEnd=66 PartOfSpeech=RD Lemma=la]
[Text=musica CharacterOffsetBegin=67 CharacterOffsetEnd=73 PartOfSpeech=S Lemma=musica]
[Text=sta CharacterOffsetBegin=74 CharacterOffsetEnd=77 PartOfSpeech=VA Lemma=stare]
[Text=suonando CharacterOffsetBegin=78 CharacterOffsetEnd=86 PartOfSpeech=V Lemma=suonare]
[Text=in CharacterOffsetBegin=87 CharacterOffsetEnd=89 PartOfSpeech=E Lemma=in]
[Text=tutte CharacterOffsetBegin=90 CharacterOffsetEnd=95 PartOfSpeech=T Lemma=tutto]
[Text=le CharacterOffsetBegin=96 CharacterOffsetEnd=98 PartOfSpeech=RD Lemma=la]
[Text=direzioni CharacterOffsetBegin=99 CharacterOffsetEnd=108 PartOfSpeech=S Lemma=direzione]
[Text=della CharacterOffsetBegin=109 CharacterOffsetEnd=114 PartOfSpeech=E+RD Lemma=della]
[Text=casa CharacterOffsetBegin=115 CharacterOffsetEnd=119 PartOfSpeech=S Lemma=casa]
[Text=e CharacterOffsetBegin=120 CharacterOffsetEnd=121 PartOfSpeech=CC Lemma=e]
[Text=l' CharacterOffsetBegin=122 CharacterOffsetEnd=124 PartOfSpeech=RD Lemma=l']
[Text=aria CharacterOffsetBegin=124 CharacterOffsetEnd=128 PartOfSpeech=S Lemma=aria]
[Text=condizionata CharacterOffsetBegin=129 CharacterOffsetEnd=141 PartOfSpeech=V Lemma=condizionare]
[Text=sta CharacterOffsetBegin=142 CharacterOffsetEnd=145 PartOfSpeech=VA Lemma=stare]
[Text=rinfrescando CharacterOffsetBegin=146 CharacterOffsetEnd=158 PartOfSpeech=V Lemma=rinfrescare]
[Text=tutti CharacterOffsetBegin=159 CharacterOffsetEnd=164 PartOfSpeech=PI Lemma=tutti]
[Text=. CharacterOffsetBegin=165 CharacterOffsetEnd=166 PartOfSpeech=FS Lemma=[PUNCT]]

Dependency Parse (enhanced plus plus dependencies):
root(ROOT-0, barricato-2)
aux(barricato-2, Abbiamo-1)
det(rifugio-4, il-3)
dobj(barricato-2, rifugio-4)
cc(barricato-2, e-5)
nsubj(è-7, nessuno-6)
conj:e(barricato-2, è-7)
advmod(è-7, fuori-8)
case(tempesta-10, nella-9)
nmod:nella(è-7, tempesta-10)
punct(barricato-2, ,-11)
det(musica-13, la-12)
nsubj(suonando-15, musica-13)
aux(suonando-15, sta-14)
conj:e(barricato-2, suonando-15)
case(direzioni-19, in-16)
det:predet(direzioni-19, tutte-17)
det(direzioni-19, le-18)
nmod:in(suonando-15, direzioni-19)
case(casa-21, della-20)
nmod:della(direzioni-19, casa-21)
cc(barricato-2, e-22)
det(aria-24, l'-23)
nsubj(rinfrescando-27, aria-24)
acl(aria-24, condizionata-25)
aux(rinfrescando-27, sta-26)
conj:e(barricato-2, rinfrescando-27)
dobj(rinfrescando-27, tutti-28)
punct(barricato-2, .-29)

tree:
Document Date: 2019-11-12

Sentence #1 (18 tokens):
Sono riuscita a salvare i meno fortunati ed apprezzo che alcuni di voi ci stiano donando qualcosa .

Tokens:
[Text=Sono CharacterOffsetBegin=0 CharacterOffsetEnd=4 PartOfSpeech=VA Lemma=essere]
[Text=riuscita CharacterOffsetBegin=5 CharacterOffsetEnd=13 PartOfSpeech=V Lemma=riuscire]
[Text=a CharacterOffsetBegin=14 CharacterOffsetEnd=15 PartOfSpeech=E Lemma=a]
[Text=salvare CharacterOffsetBegin=16 CharacterOffsetEnd=23 PartOfSpeech=V Lemma=salvare]
[Text=i CharacterOffsetBegin=24 CharacterOffsetEnd=25 PartOfSpeech=RD Lemma=il]
[Text=meno CharacterOffsetBegin=26 CharacterOffsetEnd=30 PartOfSpeech=B Lemma=meno]
[Text=fortunati CharacterOffsetBegin=31 CharacterOffsetEnd=40 PartOfSpeech=A Lemma=fortunato]
[Text=ed CharacterOffsetBegin=41 CharacterOffsetEnd=43 PartOfSpeech=CC Lemma=ed]
[Text=apprezzo CharacterOffsetBegin=44 CharacterOffsetEnd=52 PartOfSpeech=S Lemma=apprezzo]
[Text=che CharacterOffsetBegin=53 CharacterOffsetEnd=56 PartOfSpeech=CS Lemma=che]
[Text=alcuni CharacterOffsetBegin=57 CharacterOffsetEnd=63 PartOfSpeech=PI Lemma=alcuni]
[Text=di CharacterOffsetBegin=64 CharacterOffsetEnd=66 PartOfSpeech=E Lemma=di]
[Text=voi CharacterOffsetBegin=67 CharacterOffsetEnd=70 PartOfSpeech=PE Lemma=voi]
[Text=ci CharacterOffsetBegin=71 CharacterOffsetEnd=73 PartOfSpeech=PC Lemma=ci]
[Text=stiano CharacterOffsetBegin=74 CharacterOffsetEnd=80 PartOfSpeech=VA Lemma=stare]
[Text=donando CharacterOffsetBegin=81 CharacterOffsetEnd=88 PartOfSpeech=V Lemma=donare]
[Text=qualcosa CharacterOffsetBegin=89 CharacterOffsetEnd=97 PartOfSpeech=PI Lemma=qualcosa]
[Text=. CharacterOffsetBegin=98 CharacterOffsetEnd=99 PartOfSpeech=FS Lemma=[PUNCT]]

Dependency Parse (enhanced plus plus dependencies):
root(ROOT-0, riuscita-2)
aux(riuscita-2, Sono-1)
mark(salvare-4, a-3)
xcomp(riuscita-2, salvare-4)
det(fortunati-7, i-5)
advmod(fortunati-7, meno-6)
dobj(salvare-4, fortunati-7)
cc(fortunati-7, ed-8)
dobj(salvare-4, apprezzo-9)
conj:ed(fortunati-7, apprezzo-9)
mark(donando-16, che-10)
nsubj(donando-16, alcuni-11)
case(voi-13, di-12)
nmod:di(alcuni-11, voi-13)
iobj(donando-16, ci-14)
aux(donando-16, stiano-15)
ccomp(salvare-4, donando-16)
dobj(donando-16, qualcosa-17)
punct(riuscita-2, .-18)

tree:
Document Date: 2019-11-12

Sentence #1 (20 tokens):
Ne avevo davvero bisogno , soprattutto per quei cani spaventati che hanno bisogno di cure , quindi grazie " .

Tokens:
[Text=Ne CharacterOffsetBegin=0 CharacterOffsetEnd=2 PartOfSpeech=PC Lemma=ne]
[Text=avevo CharacterOffsetBegin=3 CharacterOffsetEnd=8 PartOfSpeech=VA Lemma=avere]
[Text=davvero CharacterOffsetBegin=9 CharacterOffsetEnd=16 PartOfSpeech=B Lemma=davvero]
[Text=bisogno CharacterOffsetBegin=17 CharacterOffsetEnd=24 PartOfSpeech=S Lemma=bisogno]
[Text=, CharacterOffsetBegin=25 CharacterOffsetEnd=26 PartOfSpeech=FF Lemma=[PUNCT]]
[Text=soprattutto CharacterOffsetBegin=27 CharacterOffsetEnd=38 PartOfSpeech=B Lemma=soprattutto]
[Text=per CharacterOffsetBegin=39 CharacterOffsetEnd=42 PartOfSpeech=E Lemma=per]
[Text=quei CharacterOffsetBegin=43 CharacterOffsetEnd=47 PartOfSpeech=DD Lemma=quello]
[Text=cani CharacterOffsetBegin=48 CharacterOffsetEnd=52 PartOfSpeech=S Lemma=cane]
[Text=spaventati CharacterOffsetBegin=53 CharacterOffsetEnd=63 PartOfSpeech=V Lemma=spaventare]
[Text=che CharacterOffsetBegin=64 CharacterOffsetEnd=67 PartOfSpeech=PR Lemma=che]
[Text=hanno CharacterOffsetBegin=68 CharacterOffsetEnd=73 PartOfSpeech=V Lemma=avere]
[Text=bisogno CharacterOffsetBegin=74 CharacterOffsetEnd=81 PartOfSpeech=S Lemma=bisogno]
[Text=di CharacterOffsetBegin=82 CharacterOffsetEnd=84 PartOfSpeech=E Lemma=di]
[Text=cure CharacterOffsetBegin=85 CharacterOffsetEnd=89 PartOfSpeech=S Lemma=cura]
[Text=, CharacterOffsetBegin=90 CharacterOffsetEnd=91 PartOfSpeech=FF Lemma=[PUNCT]]
[Text=quindi CharacterOffsetBegin=92 CharacterOffsetEnd=98 PartOfSpeech=B Lemma=quindi]
[Text=grazie CharacterOffsetBegin=99 CharacterOffsetEnd=105 PartOfSpeech=S Lemma=grazia]
[Text=" CharacterOffsetBegin=106 CharacterOffsetEnd=107 PartOfSpeech=FB Lemma=[PUNCT]]
[Text=. CharacterOffsetBegin=108 CharacterOffsetEnd=109 PartOfSpeech=FS Lemma=[PUNCT]]

Dependency Parse (enhanced plus plus dependencies):
root(ROOT-0, bisogno-4)
advmod(bisogno-4, Ne-1)
aux(bisogno-4, avevo-2)
advmod(bisogno-4, davvero-3)
punct(bisogno-4, ,-5)
advmod(cani-9, soprattutto-6)
case(cani-9, per-7)
det(cani-9, quei-8)
nmod:per(bisogno-4, cani-9)
acl(cani-9, spaventati-10)
nsubj(hanno-12, che-11)
acl:relcl(cani-9, hanno-12)
dobj(hanno-12, bisogno-13)
case(cure-15, di-14)
nmod:di(bisogno-13, cure-15)
punct(bisogno-4, ,-16)
advmod(grazie-18, quindi-17)
nmod(bisogno-4, grazie-18)
punct(grazie-18, "-19)
punct(bisogno-4, .-20)

13:32:49.546 [main] TRACE com.ctapweb.feature.featureAE.NSyntacticConstituentAE - Processing document with FEATURE_EXTRACTOR <NSyntacticConstituent Feature Extractor>: LA DONNA che salvò cento cani prega. Le pompe dell...
 13:32:49.549 [main] TRACE com.ctapweb.feature.featureAE.NSyntacticConstituentAE -  matched: 
 13:32:49.549 [main] TRACE com.ctapweb.feature.featureAE.NSyntacticConstituentAE -  matched: 
 
acl:
java.util.regex.Matcher[pattern=[^a-zA-Z](csubj|xcomp|ccomp|advcl|acl)[^a-zA-Z] region=0,1001 lastmatch=
acl:]
1
13:32:49.550 [main] TRACE com.ctapweb.feature.featureAE.NSyntacticConstituentAE -  matched: 
 13:32:49.550 [main] TRACE com.ctapweb.feature.featureAE.NSyntacticConstituentAE -  matched: 
 
advcl(
java.util.regex.Matcher[pattern=[^a-zA-Z](csubj|xcomp|ccomp|advcl|acl)[^a-zA-Z] region=0,1001 lastmatch=
advcl(]
2
13:32:49.551 [main] TRACE com.ctapweb.feature.featureAE.NSyntacticConstituentAE -  matched: 
 13:32:49.551 [main] TRACE com.ctapweb.feature.featureAE.NSyntacticConstituentAE -  matched: 
 
acl(
java.util.regex.Matcher[pattern=[^a-zA-Z](csubj|xcomp|ccomp|advcl|acl)[^a-zA-Z] region=0,9865 lastmatch=
acl(]
3
13:32:49.551 [main] TRACE com.ctapweb.feature.featureAE.NSyntacticConstituentAE -  matched: 
 13:32:49.551 [main] TRACE com.ctapweb.feature.featureAE.NSyntacticConstituentAE -  matched: 
 
advcl:
java.util.regex.Matcher[pattern=[^a-zA-Z](csubj|xcomp|ccomp|advcl|acl)[^a-zA-Z] region=0,9865 lastmatch=
advcl:]
4
13:32:49.551 [main] TRACE com.ctapweb.feature.featureAE.NSyntacticConstituentAE -  matched: 
 13:32:49.551 [main] TRACE com.ctapweb.feature.featureAE.NSyntacticConstituentAE -  matched: 
 
xcomp(
java.util.regex.Matcher[pattern=[^a-zA-Z](csubj|xcomp|ccomp|advcl|acl)[^a-zA-Z] region=0,9865 lastmatch=
xcomp(]
5
13:32:49.551 [main] TRACE com.ctapweb.feature.featureAE.NSyntacticConstituentAE -  matched: 
 13:32:49.551 [main] TRACE com.ctapweb.feature.featureAE.NSyntacticConstituentAE -  matched: 
 
acl:
java.util.regex.Matcher[pattern=[^a-zA-Z](csubj|xcomp|ccomp|advcl|acl)[^a-zA-Z] region=0,9865 lastmatch=
acl:]
6
13:32:49.551 [main] TRACE com.ctapweb.feature.featureAE.NSyntacticConstituentAE -  matched: 
 13:32:49.551 [main] TRACE com.ctapweb.feature.featureAE.NSyntacticConstituentAE -  matched: 
 
advcl(
java.util.regex.Matcher[pattern=[^a-zA-Z](csubj|xcomp|ccomp|advcl|acl)[^a-zA-Z] region=0,9865 lastmatch=
advcl(]
7
13:32:49.552 [main] TRACE com.ctapweb.feature.featureAE.NSyntacticConstituentAE -  matched: 
 13:32:49.552 [main] TRACE com.ctapweb.feature.featureAE.NSyntacticConstituentAE -  matched: 
 
acl:
java.util.regex.Matcher[pattern=[^a-zA-Z](csubj|xcomp|ccomp|advcl|acl)[^a-zA-Z] region=0,9865 lastmatch=
acl:]
8
13:32:49.552 [main] TRACE com.ctapweb.feature.featureAE.NSyntacticConstituentAE -  matched: 
 13:32:49.552 [main] TRACE com.ctapweb.feature.featureAE.NSyntacticConstituentAE -  matched: 
 
advcl(
java.util.regex.Matcher[pattern=[^a-zA-Z](csubj|xcomp|ccomp|advcl|acl)[^a-zA-Z] region=0,9865 lastmatch=
advcl(]
9
13:32:49.552 [main] TRACE com.ctapweb.feature.featureAE.NSyntacticConstituentAE -  matched: 
 13:32:49.552 [main] TRACE com.ctapweb.feature.featureAE.NSyntacticConstituentAE -  matched: 
 
xcomp(
java.util.regex.Matcher[pattern=[^a-zA-Z](csubj|xcomp|ccomp|advcl|acl)[^a-zA-Z] region=0,9865 lastmatch=
xcomp(]
10
13:32:49.552 [main] TRACE com.ctapweb.feature.featureAE.NSyntacticConstituentAE -  matched: 
 13:32:49.552 [main] TRACE com.ctapweb.feature.featureAE.NSyntacticConstituentAE -  matched: 
 
xcomp(
java.util.regex.Matcher[pattern=[^a-zA-Z](csubj|xcomp|ccomp|advcl|acl)[^a-zA-Z] region=0,9865 lastmatch=
xcomp(]
11
13:32:49.552 [main] TRACE com.ctapweb.feature.featureAE.NSyntacticConstituentAE -  matched: 
 13:32:49.552 [main] TRACE com.ctapweb.feature.featureAE.NSyntacticConstituentAE -  matched: 
 
acl:
java.util.regex.Matcher[pattern=[^a-zA-Z](csubj|xcomp|ccomp|advcl|acl)[^a-zA-Z] region=0,1489 lastmatch=
acl:]
12
13:32:49.553 [main] TRACE com.ctapweb.feature.featureAE.NSyntacticConstituentAE -  matched: 
 13:32:49.553 [main] TRACE com.ctapweb.feature.featureAE.NSyntacticConstituentAE -  matched: 
 
ccomp(
java.util.regex.Matcher[pattern=[^a-zA-Z](csubj|xcomp|ccomp|advcl|acl)[^a-zA-Z] region=0,1679 lastmatch=
ccomp(]
13
13:32:49.553 [main] TRACE com.ctapweb.feature.featureAE.NSyntacticConstituentAE -  matched: 
 13:32:49.553 [main] TRACE com.ctapweb.feature.featureAE.NSyntacticConstituentAE -  matched: 
 
acl(
java.util.regex.Matcher[pattern=[^a-zA-Z](csubj|xcomp|ccomp|advcl|acl)[^a-zA-Z] region=0,762 lastmatch=
acl(]
14
13:32:49.553 [main] TRACE com.ctapweb.feature.featureAE.NSyntacticConstituentAE -  matched: 
 13:32:49.553 [main] TRACE com.ctapweb.feature.featureAE.NSyntacticConstituentAE -  matched: 
 
ccomp(
java.util.regex.Matcher[pattern=[^a-zA-Z](csubj|xcomp|ccomp|advcl|acl)[^a-zA-Z] region=0,6275 lastmatch=
ccomp(]
15
13:32:49.555 [main] TRACE com.ctapweb.feature.featureAE.NSyntacticConstituentAE -  matched: 
 13:32:49.555 [main] TRACE com.ctapweb.feature.featureAE.NSyntacticConstituentAE -  matched: 
 
acl:
java.util.regex.Matcher[pattern=[^a-zA-Z](csubj|xcomp|ccomp|advcl|acl)[^a-zA-Z] region=0,6275 lastmatch=
acl:]
16
13:32:49.555 [main] TRACE com.ctapweb.feature.featureAE.NSyntacticConstituentAE -  matched: 
 13:32:49.555 [main] TRACE com.ctapweb.feature.featureAE.NSyntacticConstituentAE -  matched: 
 
xcomp(
java.util.regex.Matcher[pattern=[^a-zA-Z](csubj|xcomp|ccomp|advcl|acl)[^a-zA-Z] region=0,6275 lastmatch=
xcomp(]
17
13:32:49.555 [main] TRACE com.ctapweb.feature.featureAE.NSyntacticConstituentAE -  matched: 
 13:32:49.556 [main] TRACE com.ctapweb.feature.featureAE.NSyntacticConstituentAE -  matched: 
 
advcl:
java.util.regex.Matcher[pattern=[^a-zA-Z](csubj|xcomp|ccomp|advcl|acl)[^a-zA-Z] region=0,6275 lastmatch=
advcl:]
18
13:32:49.556 [main] TRACE com.ctapweb.feature.featureAE.NSyntacticConstituentAE -  matched: 
 13:32:49.556 [main] TRACE com.ctapweb.feature.featureAE.NSyntacticConstituentAE -  matched: 
 
acl:
java.util.regex.Matcher[pattern=[^a-zA-Z](csubj|xcomp|ccomp|advcl|acl)[^a-zA-Z] region=0,6275 lastmatch=
acl:]
19
13:32:49.556 [main] TRACE com.ctapweb.feature.featureAE.NSyntacticConstituentAE -  matched: 
 13:32:49.556 [main] TRACE com.ctapweb.feature.featureAE.NSyntacticConstituentAE -  matched: 
 
acl:
java.util.regex.Matcher[pattern=[^a-zA-Z](csubj|xcomp|ccomp|advcl|acl)[^a-zA-Z] region=0,2828 lastmatch=
acl:]
20
13:32:49.557 [main] TRACE com.ctapweb.feature.featureAE.NSyntacticConstituentAE -  matched: 
 13:32:49.557 [main] TRACE com.ctapweb.feature.featureAE.NSyntacticConstituentAE -  matched: 
 
acl:
java.util.regex.Matcher[pattern=[^a-zA-Z](csubj|xcomp|ccomp|advcl|acl)[^a-zA-Z] region=0,3673 lastmatch=
acl:]
21
13:32:49.557 [main] TRACE com.ctapweb.feature.featureAE.NSyntacticConstituentAE -  matched: 
 13:32:49.557 [main] TRACE com.ctapweb.feature.featureAE.NSyntacticConstituentAE -  matched: 
 
xcomp(
java.util.regex.Matcher[pattern=[^a-zA-Z](csubj|xcomp|ccomp|advcl|acl)[^a-zA-Z] region=0,3673 lastmatch=
xcomp(]
22
13:32:49.557 [main] TRACE com.ctapweb.feature.featureAE.NSyntacticConstituentAE -  matched: 
 13:32:49.557 [main] TRACE com.ctapweb.feature.featureAE.NSyntacticConstituentAE -  matched: 
 
acl(
java.util.regex.Matcher[pattern=[^a-zA-Z](csubj|xcomp|ccomp|advcl|acl)[^a-zA-Z] region=0,3607 lastmatch=
acl(]
23
13:32:49.558 [main] TRACE com.ctapweb.feature.featureAE.NSyntacticConstituentAE -  matched: 
 13:32:49.558 [main] TRACE com.ctapweb.feature.featureAE.NSyntacticConstituentAE -  matched: 
 
xcomp(
java.util.regex.Matcher[pattern=[^a-zA-Z](csubj|xcomp|ccomp|advcl|acl)[^a-zA-Z] region=0,2256 lastmatch=
xcomp(]
24
13:32:49.558 [main] TRACE com.ctapweb.feature.featureAE.NSyntacticConstituentAE -  matched: 
 13:32:49.558 [main] TRACE com.ctapweb.feature.featureAE.NSyntacticConstituentAE -  matched: 
 
ccomp(
java.util.regex.Matcher[pattern=[^a-zA-Z](csubj|xcomp|ccomp|advcl|acl)[^a-zA-Z] region=0,2256 lastmatch=
ccomp(]
25
13:32:49.558 [main] TRACE com.ctapweb.feature.featureAE.NSyntacticConstituentAE -  matched: 
 13:32:49.558 [main] TRACE com.ctapweb.feature.featureAE.NSyntacticConstituentAE -  matched: 
 
acl(
java.util.regex.Matcher[pattern=[^a-zA-Z](csubj|xcomp|ccomp|advcl|acl)[^a-zA-Z] region=0,2460 lastmatch=
acl(]
26
13:32:49.559 [main] TRACE com.ctapweb.feature.featureAE.NSyntacticConstituentAE -  matched: 
 13:32:49.559 [main] TRACE com.ctapweb.feature.featureAE.NSyntacticConstituentAE -  matched: 
 
acl:
java.util.regex.Matcher[pattern=[^a-zA-Z](csubj|xcomp|ccomp|advcl|acl)[^a-zA-Z] region=0,2460 lastmatch=
acl:]
27
13:32:49.559 [main] INFO  com.ctapweb.feature.featureAE.NSyntacticConstituentAE - Feature value 27.0 calculated from AE 44442 populated into CAS.
 13:32:49.560 [main] TRACE com.ctapweb.feature.annotator.SentenceAnnotator - Destorying AE: ANNOTATOR <Sentence Annotator>...
 13:32:49.560 [main] TRACE com.ctapweb.feature.annotator.SentenceAnnotator - Destroying AE completed: ANNOTATOR <Sentence Annotator>.
 13:32:49.562 [main] TRACE com.ctapweb.feature.annotator.TokenAnnotator - Destorying AE: ANNOTATOR <Token Annotator>...
 13:32:49.562 [main] TRACE com.ctapweb.feature.annotator.TokenAnnotator - Destroying AE completed: ANNOTATOR <Token Annotator>.
 13:32:49.562 [main] TRACE com.ctapweb.feature.annotator.POSAnnotator - Destorying AE: ANNOTATOR <POS Annotator>...
 13:32:49.562 [main] TRACE com.ctapweb.feature.annotator.POSAnnotator - Destroying AE completed: ANNOTATOR <POS Annotator>.
 13:32:49.562 [main] TRACE com.ctapweb.feature.annotator.ParseTreeAnnotator - Destorying AE: ANNOTATOR <Parse Annotator>...
 13:32:49.563 [main] TRACE com.ctapweb.feature.annotator.ParseTreeAnnotator - Destroying AE completed: ANNOTATOR <Parse Annotator>.
 13:32:49.563 [main] TRACE com.ctapweb.feature.featureAE.NSyntacticConstituentAE - Destorying AE: FEATURE_EXTRACTOR <NSyntacticConstituent Feature Extractor>...
 13:32:49.563 [main] TRACE com.ctapweb.feature.featureAE.NSyntacticConstituentAE - Destroying AE completed: FEATURE_EXTRACTOR <NSyntacticConstituent Feature Extractor>.
 Tests run: 1, Failures: 1, Errors: 0, Skipped: 0, Time elapsed: 15.523 sec <<< FAILURE! - in com.ctapweb.feature.test.NSyntacticConstituentFeatureTest
NSyntacticConstituentDCTest(com.ctapweb.feature.test.NSyntacticConstituentFeatureTest)  Time elapsed: 15.523 sec  <<< FAILURE!
java.lang.AssertionError: expected:<14.0> but was:<27.0>
	at org.junit.Assert.fail(Assert.java:88)
	at org.junit.Assert.failNotEquals(Assert.java:834)
	at org.junit.Assert.assertEquals(Assert.java:553)
	at org.junit.Assert.assertEquals(Assert.java:683)
	at com.ctapweb.feature.test.NSyntacticConstituentFeatureTest.NSyntacticConstituentDCTest(NSyntacticConstituentFeatureTest.java:319)

Running com.ctapweb.annotator.test.SentenceAnnotatorTest
null
13:32:49.626 [main] TRACE com.ctapweb.feature.annotator.SentenceAnnotator - Initializing ANNOTATOR <Sentence Annotator>...
 languageSpecificResourceKey: SentenceSegmenterModelIT
modelFilePath: /home/nadiushka/ctap/recent-ctap-docker/2/ctap/ctap-feature/target/classes/model/it-sent.bin
13:32:49.627 [main] TRACE com.ctapweb.feature.annotator.SentenceAnnotator - Loading language model SentenceSegmenterModelIT from path /home/nadiushka/ctap/recent-ctap-docker/2/ctap/ctap-feature/target/classes/model/it-sent.bin...
 13:32:49.636 [main] TRACE com.ctapweb.feature.annotator.SentenceAnnotator - Initialization completed ANNOTATOR <Sentence Annotator>.
 13:32:49.642 [main] TRACE com.ctapweb.feature.annotator.SentenceAnnotator - Processing document with ANNOTATOR <Sentence Annotator>: LA DONNA che salvò cento cani prega. Le pompe dell...
 13:32:49.643 [main] TRACE com.ctapweb.feature.annotator.SentenceAnnotator - Destorying AE: ANNOTATOR <Sentence Annotator>...
 13:32:49.643 [main] TRACE com.ctapweb.feature.annotator.SentenceAnnotator - Destroying AE completed: ANNOTATOR <Sentence Annotator>.
 Tests run: 1, Failures: 0, Errors: 0, Skipped: 0, Time elapsed: 0.001 sec - in com.ctapweb.annotator.test.SentenceAnnotatorTest

Results :

Failed tests: 
  NSyntacticConstituentFeatureTest.NSyntacticConstituentDCTest:319 expected:<14.0> but was:<27.0>

Tests run: 9, Failures: 1, Errors: 0, Skipped: 0

[INFO] ------------------------------------------------------------------------
[INFO] Reactor Summary:
[INFO] 
[INFO] Common Text Analysis Platform ...................... SUCCESS [  0.391 s]
[INFO] Text Feature Extraction Module for CTAP ............ FAILURE [ 31.016 s]
[INFO] The Web Module for CTAP ............................ SKIPPED
[INFO] ------------------------------------------------------------------------
[INFO] BUILD FAILURE
[INFO] ------------------------------------------------------------------------
[INFO] Total time: 31.601 s
[INFO] Finished at: 2019-11-12T13:32:49+01:00
[INFO] Final Memory: 45M/465M
[INFO] ------------------------------------------------------------------------
[ERROR] Failed to execute goal org.apache.maven.plugins:maven-surefire-plugin:2.17:test (default-test) on project ctap-feature: There are test failures.
[ERROR] 
[ERROR] Please refer to /home/nadiushka/ctap/recent-ctap-docker/2/ctap/ctap-feature/target/surefire-reports for the individual test results.
[ERROR] -> [Help 1]
[ERROR] 
[ERROR] To see the full stack trace of the errors, re-run Maven with the -e switch.
[ERROR] Re-run Maven using the -X switch to enable full debug logging.
[ERROR] 
[ERROR] For more information about the errors and possible solutions, please read the following articles:
[ERROR] [Help 1] http://cwiki.apache.org/confluence/display/MAVEN/MojoFailureException
[ERROR] 
[ERROR] After correcting the problems, you can resume the build with the command
[ERROR]   mvn <goals> -rf :ctap-feature
